Redirecting to /bin/systemctl stop  mysqld.service
/opt/powertools/bin/wattsup1: no process found
./runenergynow_server1_fyp.sh: line 95: 11900 Killed                  $WATTSUP1 --interval=1 > wattsup1.data 2>&1
/opt/powertools/bin/wattsup1: no process found
./runenergynow_server1_fyp.sh: line 53: 11946 Killed                  $WATTSUP1 --interval=1 > wattsup1.data 2>&1
/opt/powertools/bin/wattsup1: no process found
./runenergynow_server1_fyp.sh: line 53: 12052 Killed                  $WATTSUP1 --interval=1 > wattsup1.data 2>&1
/opt/powertools/bin/wattsup1: no process found
./runenergynow_server1_fyp.sh: line 53: 12165 Killed                  $WATTSUP1 --interval=1 > wattsup1.data 2>&1
/opt/powertools/bin/wattsup1: no process found
./runenergynow_server1_fyp.sh: line 53: 12316 Killed                  $WATTSUP1 --interval=1 > wattsup1.data 2>&1
/opt/powertools/bin/wattsup1: no process found
./runenergynow_server1_fyp.sh: line 53: 12474 Killed                  $WATTSUP1 --interval=1 > wattsup1.data 2>&1
/opt/powertools/bin/wattsup1: no process found
./runenergynow_server1_fyp.sh: line 53: 12675 Killed                  $WATTSUP1 --interval=1 > wattsup1.data 2>&1
/opt/powertools/bin/wattsup1: no process found
./runenergynow_server1_fyp.sh: line 53: 12892 Killed                  $WATTSUP1 --interval=1 > wattsup1.data 2>&1
/opt/powertools/bin/wattsup1: no process found
./runenergynow_server1_fyp.sh: line 53: 13138 Killed                  $WATTSUP1 --interval=1 > wattsup1.data 2>&1
/opt/powertools/bin/wattsup1: no process found
./runenergynow_server1_fyp.sh: line 53: 13421 Killed                  $WATTSUP1 --interval=1 > wattsup1.data 2>&1
/opt/powertools/bin/wattsup1: no process found
./runenergynow_server1_fyp.sh: line 53: 13721 Killed                  $WATTSUP1 --interval=1 > wattsup1.data 2>&1
/opt/powertools/bin/wattsup1: no process found
./runenergynow_server1_fyp.sh: line 53: 14058 Killed                  $WATTSUP1 --interval=1 > wattsup1.data 2>&1
/opt/powertools/bin/wattsup1: no process found
./runenergynow_server1_fyp.sh: line 53: 14425 Killed                  $WATTSUP1 --interval=1 > wattsup1.data 2>&1
/opt/powertools/bin/wattsup1: no process found
./runenergynow_server1_fyp.sh: line 53: 14820 Killed                  $WATTSUP1 --interval=1 > wattsup1.data 2>&1
/opt/powertools/bin/wattsup1: no process found
./runenergynow_server1_fyp.sh: line 53: 15239 Killed                  $WATTSUP1 --interval=1 > wattsup1.data 2>&1
/opt/powertools/bin/wattsup1: no process found
./runenergynow_server1_fyp.sh: line 53: 15696 Killed                  $WATTSUP1 --interval=1 > wattsup1.data 2>&1
/opt/powertools/bin/wattsup1: no process found
./runenergynow_server1_fyp.sh: line 53: 16175 Killed                  $WATTSUP1 --interval=1 > wattsup1.data 2>&1
/opt/powertools/bin/wattsup1: no process found
./runenergynow_server1_fyp.sh: line 53: 16697 Killed                  $WATTSUP1 --interval=1 > wattsup1.data 2>&1
/opt/powertools/bin/wattsup1: no process found
./runenergynow_server1_fyp.sh: line 53: 17249 Killed                  $WATTSUP1 --interval=1 > wattsup1.data 2>&1
/opt/powertools/bin/wattsup1: no process found
./runenergynow_server1_fyp.sh: line 53: 17818 Killed                  $WATTSUP1 --interval=1 > wattsup1.data 2>&1
/opt/powertools/bin/wattsup1: no process found
./runenergynow_server1_fyp.sh: line 53: 18424 Killed                  $WATTSUP1 --interval=1 > wattsup1.data 2>&1
/opt/powertools/bin/wattsup1: no process found
./runenergynow_server1_fyp.sh: line 53: 19054 Killed                  $WATTSUP1 --interval=1 > wattsup1.data 2>&1
/opt/powertools/bin/wattsup1: no process found
./runenergynow_server1_fyp.sh: line 53: 19719 Killed                  $WATTSUP1 --interval=1 > wattsup1.data 2>&1
/opt/powertools/bin/wattsup1: no process found
./runenergynow_server1_fyp.sh: line 53: 20415 Killed                  $WATTSUP1 --interval=1 > wattsup1.data 2>&1
/opt/powertools/bin/wattsup1: no process found
./runenergynow_server1_fyp.sh: line 53: 21134 Killed                  $WATTSUP1 --interval=1 > wattsup1.data 2>&1
/opt/powertools/bin/wattsup1: no process found
./runenergynow_server1_fyp.sh: line 53: 21883 Killed                  $WATTSUP1 --interval=1 > wattsup1.data 2>&1
/opt/powertools/bin/wattsup1: no process found
./runenergynow_server1_fyp.sh: line 53: 22667 Killed                  $WATTSUP1 --interval=1 > wattsup1.data 2>&1
/opt/powertools/bin/wattsup1: no process found
./runenergynow_server1_fyp.sh: line 53: 23484 Killed                  $WATTSUP1 --interval=1 > wattsup1.data 2>&1
/opt/powertools/bin/wattsup1: no process found
./runenergynow_server1_fyp.sh: line 53: 24323 Killed                  $WATTSUP1 --interval=1 > wattsup1.data 2>&1
/opt/powertools/bin/wattsup1: no process found
./runenergynow_server1_fyp.sh: line 53: 25191 Killed                  $WATTSUP1 --interval=1 > wattsup1.data 2>&1
/opt/powertools/bin/wattsup1: no process found
./runenergynow_server1_fyp.sh: line 53: 26089 Killed                  $WATTSUP1 --interval=1 > wattsup1.data 2>&1
/opt/powertools/bin/wattsup1: no process found
./runenergynow_server1_fyp.sh: line 53: 27024 Killed                  $WATTSUP1 --interval=1 > wattsup1.data 2>&1
/opt/powertools/bin/wattsup1: no process found
./runenergynow_server1_fyp.sh: line 53: 27990 Killed                  $WATTSUP1 --interval=1 > wattsup1.data 2>&1
/opt/powertools/bin/wattsup1: no process found
./runenergynow_server1_fyp.sh: line 53: 28979 Killed                  $WATTSUP1 --interval=1 > wattsup1.data 2>&1
/opt/powertools/bin/wattsup1: no process found
./runenergynow_server1_fyp.sh: line 53: 30465 Killed                  $WATTSUP1 --interval=1 > wattsup1.data 2>&1
/opt/powertools/bin/wattsup1: no process found
./runenergynow_server1_fyp.sh: line 53: 31981 Killed                  $WATTSUP1 --interval=1 > wattsup1.data 2>&1
/opt/powertools/bin/wattsup1: no process found
./runenergynow_server1_fyp.sh: line 53: 33500 Killed                  $WATTSUP1 --interval=1 > wattsup1.data 2>&1
/opt/powertools/bin/wattsup1: no process found
./runenergynow_server1_fyp.sh: line 53: 35031 Killed                  $WATTSUP1 --interval=1 > wattsup1.data 2>&1
/opt/powertools/bin/wattsup1: no process found
./runenergynow_server1_fyp.sh: line 53: 36589 Killed                  $WATTSUP1 --interval=1 > wattsup1.data 2>&1
/opt/powertools/bin/wattsup1: no process found
./runenergynow_server1_fyp.sh: line 53: 38149 Killed                  $WATTSUP1 --interval=1 > wattsup1.data 2>&1
/opt/powertools/bin/wattsup1: no process found
./runenergynow_server1_fyp.sh: line 53: 39732 Killed                  $WATTSUP1 --interval=1 > wattsup1.data 2>&1
/opt/powertools/bin/wattsup1: no process found
./runenergynow_server1_fyp.sh: line 53: 41343 Killed                  $WATTSUP1 --interval=1 > wattsup1.data 2>&1
/opt/powertools/bin/wattsup1: no process found
./runenergynow_server1_fyp.sh: line 53: 42953 Killed                  $WATTSUP1 --interval=1 > wattsup1.data 2>&1
/opt/powertools/bin/wattsup1: no process found
./runenergynow_server1_fyp.sh: line 53: 44592 Killed                  $WATTSUP1 --interval=1 > wattsup1.data 2>&1
/opt/powertools/bin/wattsup1: no process found
./runenergynow_server1_fyp.sh: line 53: 46226 Killed                  $WATTSUP1 --interval=1 > wattsup1.data 2>&1
/opt/powertools/bin/wattsup1: no process found
./runenergynow_server1_fyp.sh: line 53: 47885 Killed                  $WATTSUP1 --interval=1 > wattsup1.data 2>&1
/opt/powertools/bin/wattsup1: no process found
./runenergynow_server1_fyp.sh: line 53:   861 Killed                  $WATTSUP1 --interval=1 > wattsup1.data 2>&1
/opt/powertools/bin/wattsup1: no process found
./runenergynow_server1_fyp.sh: line 53:  2678 Killed                  $WATTSUP1 --interval=1 > wattsup1.data 2>&1
/opt/powertools/bin/wattsup1: no process found
./runenergynow_server1_fyp.sh: line 53:  4405 Killed                  $WATTSUP1 --interval=1 > wattsup1.data 2>&1
/opt/powertools/bin/wattsup1: no process found
./runenergynow_server1_fyp.sh: line 53:  6117 Killed                  $WATTSUP1 --interval=1 > wattsup1.data 2>&1
/opt/powertools/bin/wattsup1: no process found
./runenergynow_server1_fyp.sh: line 53:  6224 Killed                  $WATTSUP1 --interval=1 > wattsup1.data 2>&1
/opt/powertools/bin/wattsup1: no process found
./runenergynow_server1_fyp.sh: line 53:  6350 Killed                  $WATTSUP1 --interval=1 > wattsup1.data 2>&1
/opt/powertools/bin/wattsup1: no process found
./runenergynow_server1_fyp.sh: line 53:  6560 Killed                  $WATTSUP1 --interval=1 > wattsup1.data 2>&1
/opt/powertools/bin/wattsup1: no process found
./runenergynow_server1_fyp.sh: line 53:  6852 Killed                  $WATTSUP1 --interval=1 > wattsup1.data 2>&1
/opt/powertools/bin/wattsup1: no process found
./runenergynow_server1_fyp.sh: line 53:  7241 Killed                  $WATTSUP1 --interval=1 > wattsup1.data 2>&1
/opt/powertools/bin/wattsup1: no process found
./runenergynow_server1_fyp.sh: line 53:  7724 Killed                  $WATTSUP1 --interval=1 > wattsup1.data 2>&1
/opt/powertools/bin/wattsup1: no process found
./runenergynow_server1_fyp.sh: line 53:  8279 Killed                  $WATTSUP1 --interval=1 > wattsup1.data 2>&1
/opt/powertools/bin/wattsup1: no process found
./runenergynow_server1_fyp.sh: line 53:  8930 Killed                  $WATTSUP1 --interval=1 > wattsup1.data 2>&1
/opt/powertools/bin/wattsup1: no process found
./runenergynow_server1_fyp.sh: line 53:  9675 Killed                  $WATTSUP1 --interval=1 > wattsup1.data 2>&1
/opt/powertools/bin/wattsup1: no process found
./runenergynow_server1_fyp.sh: line 53: 10527 Killed                  $WATTSUP1 --interval=1 > wattsup1.data 2>&1
/opt/powertools/bin/wattsup1: no process found
./runenergynow_server1_fyp.sh: line 53: 11442 Killed                  $WATTSUP1 --interval=1 > wattsup1.data 2>&1
/opt/powertools/bin/wattsup1: no process found
./runenergynow_server1_fyp.sh: line 53: 12449 Killed                  $WATTSUP1 --interval=1 > wattsup1.data 2>&1
/opt/powertools/bin/wattsup1: no process found
./runenergynow_server1_fyp.sh: line 53: 13559 Killed                  $WATTSUP1 --interval=1 > wattsup1.data 2>&1
/opt/powertools/bin/wattsup1: no process found
./runenergynow_server1_fyp.sh: line 53: 14743 Killed                  $WATTSUP1 --interval=1 > wattsup1.data 2>&1
/opt/powertools/bin/wattsup1: no process found
./runenergynow_server1_fyp.sh: line 53: 16016 Killed                  $WATTSUP1 --interval=1 > wattsup1.data 2>&1
/opt/powertools/bin/wattsup1: no process found
./runenergynow_server1_fyp.sh: line 53: 17388 Killed                  $WATTSUP1 --interval=1 > wattsup1.data 2>&1
/opt/powertools/bin/wattsup1: no process found
./runenergynow_server1_fyp.sh: line 53: 18863 Killed                  $WATTSUP1 --interval=1 > wattsup1.data 2>&1
/opt/powertools/bin/wattsup1: no process found
./runenergynow_server1_fyp.sh: line 53: 20413 Killed                  $WATTSUP1 --interval=1 > wattsup1.data 2>&1
/opt/powertools/bin/wattsup1: no process found
./runenergynow_server1_fyp.sh: line 53: 22046 Killed                  $WATTSUP1 --interval=1 > wattsup1.data 2>&1
/opt/powertools/bin/wattsup1: no process found
./runenergynow_server1_fyp.sh: line 53: 23770 Killed                  $WATTSUP1 --interval=1 > wattsup1.data 2>&1
/opt/powertools/bin/wattsup1: no process found
./runenergynow_server1_fyp.sh: line 53: 25583 Killed                  $WATTSUP1 --interval=1 > wattsup1.data 2>&1
/opt/powertools/bin/wattsup1: no process found
./runenergynow_server1_fyp.sh: line 53: 27501 Killed                  $WATTSUP1 --interval=1 > wattsup1.data 2>&1
/opt/powertools/bin/wattsup1: no process found
./runenergynow_server1_fyp.sh: line 53: 29496 Killed                  $WATTSUP1 --interval=1 > wattsup1.data 2>&1
/opt/powertools/bin/wattsup1: no process found
./runenergynow_server1_fyp.sh: line 53: 31579 Killed                  $WATTSUP1 --interval=1 > wattsup1.data 2>&1
/opt/powertools/bin/wattsup1: no process found
./runenergynow_server1_fyp.sh: line 53: 31693 Killed                  $WATTSUP1 --interval=1 > wattsup1.data 2>&1
/opt/powertools/bin/wattsup1: no process found
./runenergynow_server1_fyp.sh: line 53: 31895 Killed                  $WATTSUP1 --interval=1 > wattsup1.data 2>&1
/opt/powertools/bin/wattsup1: no process found
./runenergynow_server1_fyp.sh: line 53: 32083 Killed                  $WATTSUP1 --interval=1 > wattsup1.data 2>&1
/opt/powertools/bin/wattsup1: no process found
./runenergynow_server1_fyp.sh: line 53: 32375 Killed                  $WATTSUP1 --interval=1 > wattsup1.data 2>&1
/opt/powertools/bin/wattsup1: no process found
./runenergynow_server1_fyp.sh: line 53: 32778 Killed                  $WATTSUP1 --interval=1 > wattsup1.data 2>&1
/opt/powertools/bin/wattsup1: no process found
./runenergynow_server1_fyp.sh: line 53: 33272 Killed                  $WATTSUP1 --interval=1 > wattsup1.data 2>&1
/opt/powertools/bin/wattsup1: no process found
./runenergynow_server1_fyp.sh: line 53: 33878 Killed                  $WATTSUP1 --interval=1 > wattsup1.data 2>&1
/opt/powertools/bin/wattsup1: no process found
./runenergynow_server1_fyp.sh: line 53: 34588 Killed                  $WATTSUP1 --interval=1 > wattsup1.data 2>&1
/opt/powertools/bin/wattsup1: no process found
./runenergynow_server1_fyp.sh: line 53: 35421 Killed                  $WATTSUP1 --interval=1 > wattsup1.data 2>&1
/opt/powertools/bin/wattsup1: no process found
./runenergynow_server1_fyp.sh: line 53: 36335 Killed                  $WATTSUP1 --interval=1 > wattsup1.data 2>&1
/opt/powertools/bin/wattsup1: no process found
./runenergynow_server1_fyp.sh: line 53: 37361 Killed                  $WATTSUP1 --interval=1 > wattsup1.data 2>&1
/opt/powertools/bin/wattsup1: no process found
./runenergynow_server1_fyp.sh: line 53: 38485 Killed                  $WATTSUP1 --interval=1 > wattsup1.data 2>&1
/opt/powertools/bin/wattsup1: no process found
./runenergynow_server1_fyp.sh: line 53: 39720 Killed                  $WATTSUP1 --interval=1 > wattsup1.data 2>&1
/opt/powertools/bin/wattsup1: no process found
./runenergynow_server1_fyp.sh: line 53: 41066 Killed                  $WATTSUP1 --interval=1 > wattsup1.data 2>&1
/opt/powertools/bin/wattsup1: no process found
./runenergynow_server1_fyp.sh: line 53: 42519 Killed                  $WATTSUP1 --interval=1 > wattsup1.data 2>&1
/opt/powertools/bin/wattsup1: no process found
./runenergynow_server1_fyp.sh: line 53: 44068 Killed                  $WATTSUP1 --interval=1 > wattsup1.data 2>&1
/opt/powertools/bin/wattsup1: no process found
./runenergynow_server1_fyp.sh: line 53: 44202 Killed                  $WATTSUP1 --interval=1 > wattsup1.data 2>&1
/opt/powertools/bin/wattsup1: no process found
./runenergynow_server1_fyp.sh: line 53: 44478 Killed                  $WATTSUP1 --interval=1 > wattsup1.data 2>&1
/opt/powertools/bin/wattsup1: no process found
./runenergynow_server1_fyp.sh: line 53: 44765 Killed                  $WATTSUP1 --interval=1 > wattsup1.data 2>&1
/opt/powertools/bin/wattsup1: no process found
./runenergynow_server1_fyp.sh: line 53: 45056 Killed                  $WATTSUP1 --interval=1 > wattsup1.data 2>&1
/opt/powertools/bin/wattsup1: no process found
./runenergynow_server1_fyp.sh: line 53: 45468 Killed                  $WATTSUP1 --interval=1 > wattsup1.data 2>&1
/opt/powertools/bin/wattsup1: no process found
./runenergynow_server1_fyp.sh: line 53: 45991 Killed                  $WATTSUP1 --interval=1 > wattsup1.data 2>&1
/opt/powertools/bin/wattsup1: no process found
./runenergynow_server1_fyp.sh: line 53: 46649 Killed                  $WATTSUP1 --interval=1 > wattsup1.data 2>&1
/opt/powertools/bin/wattsup1: no process found
./runenergynow_server1_fyp.sh: line 53: 47413 Killed                  $WATTSUP1 --interval=1 > wattsup1.data 2>&1
/opt/powertools/bin/wattsup1: no process found
./runenergynow_server1_fyp.sh: line 53: 48305 Killed                  $WATTSUP1 --interval=1 > wattsup1.data 2>&1
/opt/powertools/bin/wattsup1: no process found
./runenergynow_server1_fyp.sh: line 53:   561 Killed                  $WATTSUP1 --interval=1 > wattsup1.data 2>&1
/opt/powertools/bin/wattsup1: no process found
./runenergynow_server1_fyp.sh: line 53:  1837 Killed                  $WATTSUP1 --interval=1 > wattsup1.data 2>&1
/opt/powertools/bin/wattsup1: no process found
./runenergynow_server1_fyp.sh: line 53:  3128 Killed                  $WATTSUP1 --interval=1 > wattsup1.data 2>&1
/opt/powertools/bin/wattsup1: no process found
./runenergynow_server1_fyp.sh: line 53:  3280 Killed                  $WATTSUP1 --interval=1 > wattsup1.data 2>&1
/opt/powertools/bin/wattsup1: no process found
./runenergynow_server1_fyp.sh: line 53:  3713 Killed                  $WATTSUP1 --interval=1 > wattsup1.data 2>&1
/opt/powertools/bin/wattsup1: no process found
./runenergynow_server1_fyp.sh: line 53:  4187 Killed                  $WATTSUP1 --interval=1 > wattsup1.data 2>&1
/opt/powertools/bin/wattsup1: no process found
./runenergynow_server1_fyp.sh: line 53:  4695 Killed                  $WATTSUP1 --interval=1 > wattsup1.data 2>&1
/opt/powertools/bin/wattsup1: no process found
./runenergynow_server1_fyp.sh: line 53:  5234 Killed                  $WATTSUP1 --interval=1 > wattsup1.data 2>&1
/opt/powertools/bin/wattsup1: no process found
./runenergynow_server1_fyp.sh: line 53:  5832 Killed                  $WATTSUP1 --interval=1 > wattsup1.data 2>&1
/opt/powertools/bin/wattsup1: no process found
./runenergynow_server1_fyp.sh: line 53:  6566 Killed                  $WATTSUP1 --interval=1 > wattsup1.data 2>&1
/opt/powertools/bin/wattsup1: no process found
./runenergynow_server1_fyp.sh: line 53:  7458 Killed                  $WATTSUP1 --interval=1 > wattsup1.data 2>&1
/opt/powertools/bin/wattsup1: no process found
./runenergynow_server1_fyp.sh: line 53:  7646 Killed                  $WATTSUP1 --interval=1 > wattsup1.data 2>&1
/opt/powertools/bin/wattsup1: no process found
./runenergynow_server1_fyp.sh: line 53:  8209 Killed                  $WATTSUP1 --interval=1 > wattsup1.data 2>&1
/opt/powertools/bin/wattsup1: no process found
./runenergynow_server1_fyp.sh: line 53:  8846 Killed                  $WATTSUP1 --interval=1 > wattsup1.data 2>&1
/opt/powertools/bin/wattsup1: no process found
./runenergynow_server1_fyp.sh: line 53:  9558 Killed                  $WATTSUP1 --interval=1 > wattsup1.data 2>&1
/opt/powertools/bin/wattsup1: no process found
./runenergynow_server1_fyp.sh: line 53: 10351 Killed                  $WATTSUP1 --interval=1 > wattsup1.data 2>&1
/opt/powertools/bin/wattsup1: no process found
./runenergynow_server1_fyp.sh: line 53: 11208 Killed                  $WATTSUP1 --interval=1 > wattsup1.data 2>&1
/opt/powertools/bin/wattsup1: no process found
./runenergynow_server1_fyp.sh: line 53: 11449 Killed                  $WATTSUP1 --interval=1 > wattsup1.data 2>&1
/opt/powertools/bin/wattsup1: no process found
./runenergynow_server1_fyp.sh: line 53: 12321 Killed                  $WATTSUP1 --interval=1 > wattsup1.data 2>&1
/opt/powertools/bin/wattsup1: no process found
./runenergynow_server1_fyp.sh: line 53: 13318 Killed                  $WATTSUP1 --interval=1 > wattsup1.data 2>&1
/opt/powertools/bin/wattsup1: no process found
./runenergynow_server1_fyp.sh: line 53: 14451 Killed                  $WATTSUP1 --interval=1 > wattsup1.data 2>&1
/opt/powertools/bin/wattsup1: no process found
./runenergynow_server1_fyp.sh: line 53: 14757 Killed                  $WATTSUP1 --interval=1 > wattsup1.data 2>&1
/opt/powertools/bin/wattsup1: no process found
./runenergynow_server1_fyp.sh: line 53: 15918 Killed                  $WATTSUP1 --interval=1 > wattsup1.data 2>&1
/opt/powertools/bin/wattsup1: no process found
./runenergynow_server1_fyp.sh: line 53: 17274 Killed                  $WATTSUP1 --interval=1 > wattsup1.data 2>&1
/opt/powertools/bin/wattsup1: no process found
./runenergynow_server1_fyp.sh: line 53: 17714 Killed                  $WATTSUP1 --interval=1 > wattsup1.data 2>&1
/opt/powertools/bin/wattsup1: no process found
./runenergynow_server1_fyp.sh: line 53: 19476 Killed                  $WATTSUP1 --interval=1 > wattsup1.data 2>&1
/opt/powertools/bin/wattsup1: no process found
./runenergynow_server1_fyp.sh: line 95: 20255 Killed                  $WATTSUP1 --interval=1 > wattsup1.data 2>&1
/opt/powertools/bin/wattsup1: no process found
./runenergynow_server1_fyp.sh: line 53: 20298 Killed                  $WATTSUP1 --interval=1 > wattsup1.data 2>&1
/opt/powertools/bin/wattsup1: no process found
./runenergynow_server1_fyp.sh: line 53: 20536 Killed                  $WATTSUP1 --interval=1 > wattsup1.data 2>&1
/opt/powertools/bin/wattsup1: no process found
./runenergynow_server1_fyp.sh: line 53: 20674 Killed                  $WATTSUP1 --interval=1 > wattsup1.data 2>&1
/opt/powertools/bin/wattsup1: no process found
./runenergynow_server1_fyp.sh: line 53: 20825 Killed                  $WATTSUP1 --interval=1 > wattsup1.data 2>&1
/opt/powertools/bin/wattsup1: no process found
./runenergynow_server1_fyp.sh: line 53: 20997 Killed                  $WATTSUP1 --interval=1 > wattsup1.data 2>&1
/opt/powertools/bin/wattsup1: no process found
./runenergynow_server1_fyp.sh: line 53: 21206 Killed                  $WATTSUP1 --interval=1 > wattsup1.data 2>&1
/opt/powertools/bin/wattsup1: no process found
./runenergynow_server1_fyp.sh: line 53: 21431 Killed                  $WATTSUP1 --interval=1 > wattsup1.data 2>&1
/opt/powertools/bin/wattsup1: no process found
./runenergynow_server1_fyp.sh: line 53: 21693 Killed                  $WATTSUP1 --interval=1 > wattsup1.data 2>&1
/opt/powertools/bin/wattsup1: no process found
./runenergynow_server1_fyp.sh: line 53: 21971 Killed                  $WATTSUP1 --interval=1 > wattsup1.data 2>&1
/opt/powertools/bin/wattsup1: no process found
./runenergynow_server1_fyp.sh: line 53: 22286 Killed                  $WATTSUP1 --interval=1 > wattsup1.data 2>&1
/opt/powertools/bin/wattsup1: no process found
./runenergynow_server1_fyp.sh: line 53: 22642 Killed                  $WATTSUP1 --interval=1 > wattsup1.data 2>&1
/opt/powertools/bin/wattsup1: no process found
./runenergynow_server1_fyp.sh: line 53: 23008 Killed                  $WATTSUP1 --interval=1 > wattsup1.data 2>&1
/opt/powertools/bin/wattsup1: no process found
./runenergynow_server1_fyp.sh: line 53: 23405 Killed                  $WATTSUP1 --interval=1 > wattsup1.data 2>&1
/opt/powertools/bin/wattsup1: no process found
./runenergynow_server1_fyp.sh: line 53: 23838 Killed                  $WATTSUP1 --interval=1 > wattsup1.data 2>&1
/opt/powertools/bin/wattsup1: no process found
./runenergynow_server1_fyp.sh: line 53: 24295 Killed                  $WATTSUP1 --interval=1 > wattsup1.data 2>&1
/opt/powertools/bin/wattsup1: no process found
./runenergynow_server1_fyp.sh: line 53: 24782 Killed                  $WATTSUP1 --interval=1 > wattsup1.data 2>&1
/opt/powertools/bin/wattsup1: no process found
./runenergynow_server1_fyp.sh: line 53: 25299 Killed                  $WATTSUP1 --interval=1 > wattsup1.data 2>&1
/opt/powertools/bin/wattsup1: no process found
./runenergynow_server1_fyp.sh: line 53: 26086 Killed                  $WATTSUP1 --interval=1 > wattsup1.data 2>&1
/opt/powertools/bin/wattsup1: no process found
./runenergynow_server1_fyp.sh: line 53: 26889 Killed                  $WATTSUP1 --interval=1 > wattsup1.data 2>&1
/opt/powertools/bin/wattsup1: no process found
./runenergynow_server1_fyp.sh: line 53: 27706 Killed                  $WATTSUP1 --interval=1 > wattsup1.data 2>&1
/opt/powertools/bin/wattsup1: no process found
./runenergynow_server1_fyp.sh: line 53: 28533 Killed                  $WATTSUP1 --interval=1 > wattsup1.data 2>&1
/opt/powertools/bin/wattsup1: no process found
./runenergynow_server1_fyp.sh: line 53: 29387 Killed                  $WATTSUP1 --interval=1 > wattsup1.data 2>&1
/opt/powertools/bin/wattsup1: no process found
./runenergynow_server1_fyp.sh: line 53: 30242 Killed                  $WATTSUP1 --interval=1 > wattsup1.data 2>&1
/opt/powertools/bin/wattsup1: no process found
./runenergynow_server1_fyp.sh: line 53: 31126 Killed                  $WATTSUP1 --interval=1 > wattsup1.data 2>&1
/opt/powertools/bin/wattsup1: no process found
./runenergynow_server1_fyp.sh: line 53: 32012 Killed                  $WATTSUP1 --interval=1 > wattsup1.data 2>&1
/opt/powertools/bin/wattsup1: no process found
./runenergynow_server1_fyp.sh: line 53: 32912 Killed                  $WATTSUP1 --interval=1 > wattsup1.data 2>&1
/opt/powertools/bin/wattsup1: no process found
./runenergynow_server1_fyp.sh: line 53: 33854 Killed                  $WATTSUP1 --interval=1 > wattsup1.data 2>&1
/opt/powertools/bin/wattsup1: no process found
./runenergynow_server1_fyp.sh: line 53: 34784 Killed                  $WATTSUP1 --interval=1 > wattsup1.data 2>&1
/opt/powertools/bin/wattsup1: no process found
./runenergynow_server1_fyp.sh: line 53: 35745 Killed                  $WATTSUP1 --interval=1 > wattsup1.data 2>&1
/opt/powertools/bin/wattsup1: no process found
./runenergynow_server1_fyp.sh: line 53: 36704 Killed                  $WATTSUP1 --interval=1 > wattsup1.data 2>&1
/opt/powertools/bin/wattsup1: no process found
./runenergynow_server1_fyp.sh: line 53: 37694 Killed                  $WATTSUP1 --interval=1 > wattsup1.data 2>&1
/opt/powertools/bin/wattsup1: no process found
./runenergynow_server1_fyp.sh: line 53: 38684 Killed                  $WATTSUP1 --interval=1 > wattsup1.data 2>&1
/opt/powertools/bin/wattsup1: no process found
./runenergynow_server1_fyp.sh: line 53: 39704 Killed                  $WATTSUP1 --interval=1 > wattsup1.data 2>&1
/opt/powertools/bin/wattsup1: no process found
./runenergynow_server1_fyp.sh: line 53: 40731 Killed                  $WATTSUP1 --interval=1 > wattsup1.data 2>&1
/opt/powertools/bin/wattsup1: no process found
./runenergynow_server1_fyp.sh: line 53: 41779 Killed                  $WATTSUP1 --interval=1 > wattsup1.data 2>&1
/opt/powertools/bin/wattsup1: no process found
./runenergynow_server1_fyp.sh: line 53: 42866 Killed                  $WATTSUP1 --interval=1 > wattsup1.data 2>&1
/opt/powertools/bin/wattsup1: no process found
./runenergynow_server1_fyp.sh: line 53: 43981 Killed                  $WATTSUP1 --interval=1 > wattsup1.data 2>&1
/opt/powertools/bin/wattsup1: no process found
./runenergynow_server1_fyp.sh: line 53: 45127 Killed                  $WATTSUP1 --interval=1 > wattsup1.data 2>&1
/opt/powertools/bin/wattsup1: no process found
./runenergynow_server1_fyp.sh: line 53: 46295 Killed                  $WATTSUP1 --interval=1 > wattsup1.data 2>&1
/opt/powertools/bin/wattsup1: no process found
./runenergynow_server1_fyp.sh: line 53: 47502 Killed                  $WATTSUP1 --interval=1 > wattsup1.data 2>&1
/opt/powertools/bin/wattsup1: no process found
./runenergynow_server1_fyp.sh: line 53: 48758 Killed                  $WATTSUP1 --interval=1 > wattsup1.data 2>&1
/opt/powertools/bin/wattsup1: no process found
./runenergynow_server1_fyp.sh: line 53:  1377 Killed                  $WATTSUP1 --interval=1 > wattsup1.data 2>&1
/opt/powertools/bin/wattsup1: no process found
./runenergynow_server1_fyp.sh: line 53:  2745 Killed                  $WATTSUP1 --interval=1 > wattsup1.data 2>&1
/opt/powertools/bin/wattsup1: no process found
./runenergynow_server1_fyp.sh: line 53:  4088 Killed                  $WATTSUP1 --interval=1 > wattsup1.data 2>&1
/opt/powertools/bin/wattsup1: no process found
./runenergynow_server1_fyp.sh: line 53:  5460 Killed                  $WATTSUP1 --interval=1 > wattsup1.data 2>&1
/opt/powertools/bin/wattsup1: no process found
./runenergynow_server1_fyp.sh: line 53:  6847 Killed                  $WATTSUP1 --interval=1 > wattsup1.data 2>&1
/opt/powertools/bin/wattsup1: no process found
./runenergynow_server1_fyp.sh: line 53:  8258 Killed                  $WATTSUP1 --interval=1 > wattsup1.data 2>&1
/opt/powertools/bin/wattsup1: no process found
./runenergynow_server1_fyp.sh: line 53:  9705 Killed                  $WATTSUP1 --interval=1 > wattsup1.data 2>&1
/opt/powertools/bin/wattsup1: no process found
./runenergynow_server1_fyp.sh: line 53: 11183 Killed                  $WATTSUP1 --interval=1 > wattsup1.data 2>&1
/opt/powertools/bin/wattsup1: no process found
./runenergynow_server1_fyp.sh: line 53: 11306 Killed                  $WATTSUP1 --interval=1 > wattsup1.data 2>&1
/opt/powertools/bin/wattsup1: no process found
./runenergynow_server1_fyp.sh: line 53: 11449 Killed                  $WATTSUP1 --interval=1 > wattsup1.data 2>&1
/opt/powertools/bin/wattsup1: no process found
./runenergynow_server1_fyp.sh: line 53: 11669 Killed                  $WATTSUP1 --interval=1 > wattsup1.data 2>&1
/opt/powertools/bin/wattsup1: no process found
./runenergynow_server1_fyp.sh: line 53: 11978 Killed                  $WATTSUP1 --interval=1 > wattsup1.data 2>&1
/opt/powertools/bin/wattsup1: no process found
./runenergynow_server1_fyp.sh: line 53: 12368 Killed                  $WATTSUP1 --interval=1 > wattsup1.data 2>&1
/opt/powertools/bin/wattsup1: no process found
./runenergynow_server1_fyp.sh: line 53: 12846 Killed                  $WATTSUP1 --interval=1 > wattsup1.data 2>&1
/opt/powertools/bin/wattsup1: no process found
./runenergynow_server1_fyp.sh: line 53: 13408 Killed                  $WATTSUP1 --interval=1 > wattsup1.data 2>&1
/opt/powertools/bin/wattsup1: no process found
./runenergynow_server1_fyp.sh: line 53: 14069 Killed                  $WATTSUP1 --interval=1 > wattsup1.data 2>&1
/opt/powertools/bin/wattsup1: no process found
./runenergynow_server1_fyp.sh: line 53: 14816 Killed                  $WATTSUP1 --interval=1 > wattsup1.data 2>&1
/opt/powertools/bin/wattsup1: no process found
./runenergynow_server1_fyp.sh: line 53: 15647 Killed                  $WATTSUP1 --interval=1 > wattsup1.data 2>&1
/opt/powertools/bin/wattsup1: no process found
./runenergynow_server1_fyp.sh: line 53: 16561 Killed                  $WATTSUP1 --interval=1 > wattsup1.data 2>&1
/opt/powertools/bin/wattsup1: no process found
./runenergynow_server1_fyp.sh: line 53: 17572 Killed                  $WATTSUP1 --interval=1 > wattsup1.data 2>&1
/opt/powertools/bin/wattsup1: no process found
./runenergynow_server1_fyp.sh: line 53: 18693 Killed                  $WATTSUP1 --interval=1 > wattsup1.data 2>&1
/opt/powertools/bin/wattsup1: no process found
./runenergynow_server1_fyp.sh: line 53: 19884 Killed                  $WATTSUP1 --interval=1 > wattsup1.data 2>&1
/opt/powertools/bin/wattsup1: no process found
./runenergynow_server1_fyp.sh: line 53: 21169 Killed                  $WATTSUP1 --interval=1 > wattsup1.data 2>&1
/opt/powertools/bin/wattsup1: no process found
./runenergynow_server1_fyp.sh: line 53: 22539 Killed                  $WATTSUP1 --interval=1 > wattsup1.data 2>&1
/opt/powertools/bin/wattsup1: no process found
./runenergynow_server1_fyp.sh: line 53: 24459 Killed                  $WATTSUP1 --interval=1 > wattsup1.data 2>&1
/opt/powertools/bin/wattsup1: no process found
./runenergynow_server1_fyp.sh: line 53: 26442 Killed                  $WATTSUP1 --interval=1 > wattsup1.data 2>&1
/opt/powertools/bin/wattsup1: no process found
./runenergynow_server1_fyp.sh: line 53: 28485 Killed                  $WATTSUP1 --interval=1 > wattsup1.data 2>&1
/opt/powertools/bin/wattsup1: no process found
./runenergynow_server1_fyp.sh: line 53: 30587 Killed                  $WATTSUP1 --interval=1 > wattsup1.data 2>&1
/opt/powertools/bin/wattsup1: no process found
./runenergynow_server1_fyp.sh: line 53: 32739 Killed                  $WATTSUP1 --interval=1 > wattsup1.data 2>&1
/opt/powertools/bin/wattsup1: no process found
./runenergynow_server1_fyp.sh: line 53: 34967 Killed                  $WATTSUP1 --interval=1 > wattsup1.data 2>&1
/opt/powertools/bin/wattsup1: no process found
./runenergynow_server1_fyp.sh: line 53: 37248 Killed                  $WATTSUP1 --interval=1 > wattsup1.data 2>&1
/opt/powertools/bin/wattsup1: no process found
./runenergynow_server1_fyp.sh: line 53: 39580 Killed                  $WATTSUP1 --interval=1 > wattsup1.data 2>&1
/opt/powertools/bin/wattsup1: no process found
./runenergynow_server1_fyp.sh: line 53: 39718 Killed                  $WATTSUP1 --interval=1 > wattsup1.data 2>&1
/opt/powertools/bin/wattsup1: no process found
./runenergynow_server1_fyp.sh: line 53: 39937 Killed                  $WATTSUP1 --interval=1 > wattsup1.data 2>&1
/opt/powertools/bin/wattsup1: no process found
./runenergynow_server1_fyp.sh: line 53: 40133 Killed                  $WATTSUP1 --interval=1 > wattsup1.data 2>&1
