Redirecting to /bin/systemctl stop  mysqld.service
/opt/powertools/bin/wattsup1: no process found
./runenergynow_server1_fyp.sh: line 98: 26603 Killed                  $WATTSUP1 --interval=1 > wattsup1.data 2>&1
/opt/powertools/bin/wattsup1: no process found
./runenergynow_server1_fyp.sh: line 53: 26665 Killed                  $WATTSUP1 --interval=1 > wattsup1.data 2>&1
/opt/powertools/bin/wattsup1: no process found
./runenergynow_server1_fyp.sh: line 53: 26918 Killed                  $WATTSUP1 --interval=1 > wattsup1.data 2>&1
/opt/powertools/bin/wattsup1: no process found
./runenergynow_server1_fyp.sh: line 53: 27131 Killed                  $WATTSUP1 --interval=1 > wattsup1.data 2>&1
/opt/powertools/bin/wattsup1: no process found
./runenergynow_server1_fyp.sh: line 53: 27339 Killed                  $WATTSUP1 --interval=1 > wattsup1.data 2>&1
/opt/powertools/bin/wattsup1: no process found
./runenergynow_server1_fyp.sh: line 53: 27589 Killed                  $WATTSUP1 --interval=1 > wattsup1.data 2>&1
/opt/powertools/bin/wattsup1: no process found
./runenergynow_server1_fyp.sh: line 53: 27836 Killed                  $WATTSUP1 --interval=1 > wattsup1.data 2>&1
/opt/powertools/bin/wattsup1: no process found
./runenergynow_server1_fyp.sh: line 53: 28105 Killed                  $WATTSUP1 --interval=1 > wattsup1.data 2>&1
/opt/powertools/bin/wattsup1: no process found
./runenergynow_server1_fyp.sh: line 53: 28408 Killed                  $WATTSUP1 --interval=1 > wattsup1.data 2>&1
/opt/powertools/bin/wattsup1: no process found
./runenergynow_server1_fyp.sh: line 53: 28728 Killed                  $WATTSUP1 --interval=1 > wattsup1.data 2>&1
/opt/powertools/bin/wattsup1: no process found
./runenergynow_server1_fyp.sh: line 53: 29084 Killed                  $WATTSUP1 --interval=1 > wattsup1.data 2>&1
/opt/powertools/bin/wattsup1: no process found
./runenergynow_server1_fyp.sh: line 53: 29455 Killed                  $WATTSUP1 --interval=1 > wattsup1.data 2>&1
/opt/powertools/bin/wattsup1: no process found
./runenergynow_server1_fyp.sh: line 53: 29875 Killed                  $WATTSUP1 --interval=1 > wattsup1.data 2>&1
/opt/powertools/bin/wattsup1: no process found
./runenergynow_server1_fyp.sh: line 53: 30313 Killed                  $WATTSUP1 --interval=1 > wattsup1.data 2>&1
/opt/powertools/bin/wattsup1: no process found
./runenergynow_server1_fyp.sh: line 53: 30766 Killed                  $WATTSUP1 --interval=1 > wattsup1.data 2>&1
/opt/powertools/bin/wattsup1: no process found
./runenergynow_server1_fyp.sh: line 53: 31265 Killed                  $WATTSUP1 --interval=1 > wattsup1.data 2>&1
/opt/powertools/bin/wattsup1: no process found
./runenergynow_server1_fyp.sh: line 53: 31785 Killed                  $WATTSUP1 --interval=1 > wattsup1.data 2>&1
/opt/powertools/bin/wattsup1: no process found
./runenergynow_server1_fyp.sh: line 53: 32351 Killed                  $WATTSUP1 --interval=1 > wattsup1.data 2>&1
/opt/powertools/bin/wattsup1: no process found
./runenergynow_server1_fyp.sh: line 53: 33180 Killed                  $WATTSUP1 --interval=1 > wattsup1.data 2>&1
/opt/powertools/bin/wattsup1: no process found
./runenergynow_server1_fyp.sh: line 53: 34033 Killed                  $WATTSUP1 --interval=1 > wattsup1.data 2>&1
/opt/powertools/bin/wattsup1: no process found
./runenergynow_server1_fyp.sh: line 53: 34914 Killed                  $WATTSUP1 --interval=1 > wattsup1.data 2>&1
/opt/powertools/bin/wattsup1: no process found
./runenergynow_server1_fyp.sh: line 53: 35789 Killed                  $WATTSUP1 --interval=1 > wattsup1.data 2>&1
/opt/powertools/bin/wattsup1: no process found
./runenergynow_server1_fyp.sh: line 53: 36678 Killed                  $WATTSUP1 --interval=1 > wattsup1.data 2>&1
/opt/powertools/bin/wattsup1: no process found
./runenergynow_server1_fyp.sh: line 53: 37581 Killed                  $WATTSUP1 --interval=1 > wattsup1.data 2>&1
/opt/powertools/bin/wattsup1: no process found
./runenergynow_server1_fyp.sh: line 53: 38499 Killed                  $WATTSUP1 --interval=1 > wattsup1.data 2>&1
/opt/powertools/bin/wattsup1: no process found
./runenergynow_server1_fyp.sh: line 53: 39434 Killed                  $WATTSUP1 --interval=1 > wattsup1.data 2>&1
/opt/powertools/bin/wattsup1: no process found
./runenergynow_server1_fyp.sh: line 53: 40379 Killed                  $WATTSUP1 --interval=1 > wattsup1.data 2>&1
/opt/powertools/bin/wattsup1: no process found
./runenergynow_server1_fyp.sh: line 53: 41358 Killed                  $WATTSUP1 --interval=1 > wattsup1.data 2>&1
/opt/powertools/bin/wattsup1: no process found
./runenergynow_server1_fyp.sh: line 53: 42330 Killed                  $WATTSUP1 --interval=1 > wattsup1.data 2>&1
/opt/powertools/bin/wattsup1: no process found
./runenergynow_server1_fyp.sh: line 53: 43325 Killed                  $WATTSUP1 --interval=1 > wattsup1.data 2>&1
/opt/powertools/bin/wattsup1: no process found
./runenergynow_server1_fyp.sh: line 53: 44334 Killed                  $WATTSUP1 --interval=1 > wattsup1.data 2>&1
/opt/powertools/bin/wattsup1: no process found
./runenergynow_server1_fyp.sh: line 53: 45359 Killed                  $WATTSUP1 --interval=1 > wattsup1.data 2>&1
/opt/powertools/bin/wattsup1: no process found
./runenergynow_server1_fyp.sh: line 53: 46404 Killed                  $WATTSUP1 --interval=1 > wattsup1.data 2>&1
/opt/powertools/bin/wattsup1: no process found
./runenergynow_server1_fyp.sh: line 53: 47475 Killed                  $WATTSUP1 --interval=1 > wattsup1.data 2>&1
/opt/powertools/bin/wattsup1: no process found
./runenergynow_server1_fyp.sh: line 53: 48519 Killed                  $WATTSUP1 --interval=1 > wattsup1.data 2>&1
/opt/powertools/bin/wattsup1: no process found
./runenergynow_server1_fyp.sh: line 53:   912 Killed                  $WATTSUP1 --interval=1 > wattsup1.data 2>&1
/opt/powertools/bin/wattsup1: no process found
./runenergynow_server1_fyp.sh: line 53:  2116 Killed                  $WATTSUP1 --interval=1 > wattsup1.data 2>&1
/opt/powertools/bin/wattsup1: no process found
./runenergynow_server1_fyp.sh: line 53:  3299 Killed                  $WATTSUP1 --interval=1 > wattsup1.data 2>&1
/opt/powertools/bin/wattsup1: no process found
./runenergynow_server1_fyp.sh: line 53:  4483 Killed                  $WATTSUP1 --interval=1 > wattsup1.data 2>&1
/opt/powertools/bin/wattsup1: no process found
./runenergynow_server1_fyp.sh: line 53:  5686 Killed                  $WATTSUP1 --interval=1 > wattsup1.data 2>&1
/opt/powertools/bin/wattsup1: no process found
./runenergynow_server1_fyp.sh: line 53:  6926 Killed                  $WATTSUP1 --interval=1 > wattsup1.data 2>&1
/opt/powertools/bin/wattsup1: no process found
./runenergynow_server1_fyp.sh: line 53:  8183 Killed                  $WATTSUP1 --interval=1 > wattsup1.data 2>&1
/opt/powertools/bin/wattsup1: no process found
./runenergynow_server1_fyp.sh: line 53:  9485 Killed                  $WATTSUP1 --interval=1 > wattsup1.data 2>&1
/opt/powertools/bin/wattsup1: no process found
./runenergynow_server1_fyp.sh: line 53: 10802 Killed                  $WATTSUP1 --interval=1 > wattsup1.data 2>&1
/opt/powertools/bin/wattsup1: no process found
./runenergynow_server1_fyp.sh: line 53: 12174 Killed                  $WATTSUP1 --interval=1 > wattsup1.data 2>&1
/opt/powertools/bin/wattsup1: no process found
./runenergynow_server1_fyp.sh: line 53: 13562 Killed                  $WATTSUP1 --interval=1 > wattsup1.data 2>&1
/opt/powertools/bin/wattsup1: no process found
./runenergynow_server1_fyp.sh: line 53: 14967 Killed                  $WATTSUP1 --interval=1 > wattsup1.data 2>&1
/opt/powertools/bin/wattsup1: no process found
./runenergynow_server1_fyp.sh: line 53: 16416 Killed                  $WATTSUP1 --interval=1 > wattsup1.data 2>&1
/opt/powertools/bin/wattsup1: no process found
./runenergynow_server1_fyp.sh: line 53: 17979 Killed                  $WATTSUP1 --interval=1 > wattsup1.data 2>&1
/opt/powertools/bin/wattsup1: no process found
./runenergynow_server1_fyp.sh: line 53: 19488 Killed                  $WATTSUP1 --interval=1 > wattsup1.data 2>&1
/opt/powertools/bin/wattsup1: no process found
./runenergynow_server1_fyp.sh: line 53: 19707 Killed                  $WATTSUP1 --interval=1 > wattsup1.data 2>&1
/opt/powertools/bin/wattsup1: no process found
./runenergynow_server1_fyp.sh: line 53: 19914 Killed                  $WATTSUP1 --interval=1 > wattsup1.data 2>&1
/opt/powertools/bin/wattsup1: no process found
./runenergynow_server1_fyp.sh: line 53: 20189 Killed                  $WATTSUP1 --interval=1 > wattsup1.data 2>&1
/opt/powertools/bin/wattsup1: no process found
./runenergynow_server1_fyp.sh: line 53: 20538 Killed                  $WATTSUP1 --interval=1 > wattsup1.data 2>&1
/opt/powertools/bin/wattsup1: no process found
./runenergynow_server1_fyp.sh: line 53: 20968 Killed                  $WATTSUP1 --interval=1 > wattsup1.data 2>&1
/opt/powertools/bin/wattsup1: no process found
./runenergynow_server1_fyp.sh: line 53: 21484 Killed                  $WATTSUP1 --interval=1 > wattsup1.data 2>&1
/opt/powertools/bin/wattsup1: no process found
./runenergynow_server1_fyp.sh: line 53: 22087 Killed                  $WATTSUP1 --interval=1 > wattsup1.data 2>&1
/opt/powertools/bin/wattsup1: no process found
./runenergynow_server1_fyp.sh: line 53: 22779 Killed                  $WATTSUP1 --interval=1 > wattsup1.data 2>&1
/opt/powertools/bin/wattsup1: no process found
./runenergynow_server1_fyp.sh: line 53: 23556 Killed                  $WATTSUP1 --interval=1 > wattsup1.data 2>&1
/opt/powertools/bin/wattsup1: no process found
./runenergynow_server1_fyp.sh: line 53: 24454 Killed                  $WATTSUP1 --interval=1 > wattsup1.data 2>&1
/opt/powertools/bin/wattsup1: no process found
./runenergynow_server1_fyp.sh: line 53: 25408 Killed                  $WATTSUP1 --interval=1 > wattsup1.data 2>&1
/opt/powertools/bin/wattsup1: no process found
./runenergynow_server1_fyp.sh: line 53: 26457 Killed                  $WATTSUP1 --interval=1 > wattsup1.data 2>&1
/opt/powertools/bin/wattsup1: no process found
./runenergynow_server1_fyp.sh: line 53: 27594 Killed                  $WATTSUP1 --interval=1 > wattsup1.data 2>&1
/opt/powertools/bin/wattsup1: no process found
./runenergynow_server1_fyp.sh: line 53: 28819 Killed                  $WATTSUP1 --interval=1 > wattsup1.data 2>&1
/opt/powertools/bin/wattsup1: no process found
./runenergynow_server1_fyp.sh: line 53: 30129 Killed                  $WATTSUP1 --interval=1 > wattsup1.data 2>&1
/opt/powertools/bin/wattsup1: no process found
./runenergynow_server1_fyp.sh: line 53: 31533 Killed                  $WATTSUP1 --interval=1 > wattsup1.data 2>&1
/opt/powertools/bin/wattsup1: no process found
./runenergynow_server1_fyp.sh: line 53: 33485 Killed                  $WATTSUP1 --interval=1 > wattsup1.data 2>&1
/opt/powertools/bin/wattsup1: no process found
./runenergynow_server1_fyp.sh: line 53: 35502 Killed                  $WATTSUP1 --interval=1 > wattsup1.data 2>&1
/opt/powertools/bin/wattsup1: no process found
./runenergynow_server1_fyp.sh: line 53: 37596 Killed                  $WATTSUP1 --interval=1 > wattsup1.data 2>&1
/opt/powertools/bin/wattsup1: no process found
./runenergynow_server1_fyp.sh: line 53: 39730 Killed                  $WATTSUP1 --interval=1 > wattsup1.data 2>&1
/opt/powertools/bin/wattsup1: no process found
./runenergynow_server1_fyp.sh: line 53: 41930 Killed                  $WATTSUP1 --interval=1 > wattsup1.data 2>&1
/opt/powertools/bin/wattsup1: no process found
./runenergynow_server1_fyp.sh: line 53: 44179 Killed                  $WATTSUP1 --interval=1 > wattsup1.data 2>&1
/opt/powertools/bin/wattsup1: no process found
./runenergynow_server1_fyp.sh: line 53: 46500 Killed                  $WATTSUP1 --interval=1 > wattsup1.data 2>&1
/opt/powertools/bin/wattsup1: no process found
./runenergynow_server1_fyp.sh: line 53: 48872 Killed                  $WATTSUP1 --interval=1 > wattsup1.data 2>&1
/opt/powertools/bin/wattsup1: no process found
./runenergynow_server1_fyp.sh: line 53: 49084 Killed                  $WATTSUP1 --interval=1 > wattsup1.data 2>&1
/opt/powertools/bin/wattsup1: no process found
./runenergynow_server1_fyp.sh: line 53:   627 Killed                  $WATTSUP1 --interval=1 > wattsup1.data 2>&1
/opt/powertools/bin/wattsup1: no process found
./runenergynow_server1_fyp.sh: line 53:   931 Killed                  $WATTSUP1 --interval=1 > wattsup1.data 2>&1
/opt/powertools/bin/wattsup1: no process found
./runenergynow_server1_fyp.sh: line 53:  1303 Killed                  $WATTSUP1 --interval=1 > wattsup1.data 2>&1
/opt/powertools/bin/wattsup1: no process found
./runenergynow_server1_fyp.sh: line 53:  1795 Killed                  $WATTSUP1 --interval=1 > wattsup1.data 2>&1
/opt/powertools/bin/wattsup1: no process found
./runenergynow_server1_fyp.sh: line 53:  2353 Killed                  $WATTSUP1 --interval=1 > wattsup1.data 2>&1
/opt/powertools/bin/wattsup1: no process found
./runenergynow_server1_fyp.sh: line 53:  3022 Killed                  $WATTSUP1 --interval=1 > wattsup1.data 2>&1
