Redirecting to /bin/systemctl stop  mysqld.service
/opt/powertools/bin/wattsup1: no process found
./runenergynow_server1_fyp.sh: line 113: 11774 Killed                  $WATTSUP1 --interval=1 > wattsup1.data 2>&1
/opt/powertools/bin/wattsup1: no process found
./runenergynow_server1_fyp.sh: line 113: 11790 Killed                  $WATTSUP1 --interval=1 > wattsup1.data 2>&1
/opt/powertools/bin/wattsup1: no process found
./runenergynow_server1_fyp.sh: line 113: 11807 Killed                  $WATTSUP1 --interval=1 > wattsup1.data 2>&1
/opt/powertools/bin/wattsup1: no process found
./runenergynow_server1_fyp.sh: line 113: 11823 Killed                  $WATTSUP1 --interval=1 > wattsup1.data 2>&1
/opt/powertools/bin/wattsup1: no process found
./runenergynow_server1_fyp.sh: line 113: 11831 Killed                  $WATTSUP1 --interval=1 > wattsup1.data 2>&1
/opt/powertools/bin/wattsup1: no process found
./runenergynow_server1_fyp.sh: line 113: 11854 Killed                  $WATTSUP1 --interval=1 > wattsup1.data 2>&1
/opt/powertools/bin/wattsup1: no process found
./runenergynow_server1_fyp.sh: line 113: 11883 Killed                  $WATTSUP1 --interval=1 > wattsup1.data 2>&1
/opt/powertools/bin/wattsup1: no process found
./runenergynow_server1_fyp.sh: line 113: 11899 Killed                  $WATTSUP1 --interval=1 > wattsup1.data 2>&1
/opt/powertools/bin/wattsup1: no process found
./runenergynow_server1_fyp.sh: line 113: 11915 Killed                  $WATTSUP1 --interval=1 > wattsup1.data 2>&1
/opt/powertools/bin/wattsup1: no process found
./runenergynow_server1_fyp.sh: line 113: 11932 Killed                  $WATTSUP1 --interval=1 > wattsup1.data 2>&1
/opt/powertools/bin/wattsup1: no process found
./runenergynow_server1_fyp.sh: line 113: 11948 Killed                  $WATTSUP1 --interval=1 > wattsup1.data 2>&1
/opt/powertools/bin/wattsup1: no process found
./runenergynow_server1_fyp.sh: line 113: 11963 Killed                  $WATTSUP1 --interval=1 > wattsup1.data 2>&1
/opt/powertools/bin/wattsup1: no process found
./runenergynow_server1_fyp.sh: line 113: 11972 Killed                  $WATTSUP1 --interval=1 > wattsup1.data 2>&1
/opt/powertools/bin/wattsup1: no process found
./runenergynow_server1_fyp.sh: line 113: 11989 Killed                  $WATTSUP1 --interval=1 > wattsup1.data 2>&1
/opt/powertools/bin/wattsup1: no process found
./runenergynow_server1_fyp.sh: line 113: 12005 Killed                  $WATTSUP1 --interval=1 > wattsup1.data 2>&1
/opt/powertools/bin/wattsup1: no process found
./runenergynow_server1_fyp.sh: line 59: 12032 Killed                  $WATTSUP1 --interval=1 > wattsup1.data 2>&1
(standard_in) 1: syntax error
/opt/powertools/bin/wattsup1: no process found
./runenergynow_server1_fyp.sh: line 59: 13201 Killed                  $WATTSUP1 --interval=1 > wattsup1.data 2>&1
(standard_in) 1: syntax error
/opt/powertools/bin/wattsup1: no process found
./runenergynow_server1_fyp.sh: line 59: 14440 Killed                  $WATTSUP1 --interval=1 > wattsup1.data 2>&1
(standard_in) 1: syntax error
/opt/powertools/bin/wattsup1: no process found
./runenergynow_server1_fyp.sh: line 59: 15688 Killed                  $WATTSUP1 --interval=1 > wattsup1.data 2>&1
(standard_in) 1: syntax error
/opt/powertools/bin/wattsup1: no process found
./runenergynow_server1_fyp.sh: line 59: 16595 Killed                  $WATTSUP1 --interval=1 > wattsup1.data 2>&1
(standard_in) 1: syntax error
/opt/powertools/bin/wattsup1: no process found
./runenergynow_server1_fyp.sh: line 59: 17737 Killed                  $WATTSUP1 --interval=1 > wattsup1.data 2>&1
(standard_in) 1: syntax error
/opt/powertools/bin/wattsup1: no process found
./runenergynow_server1_fyp.sh: line 59: 18981 Killed                  $WATTSUP1 --interval=1 > wattsup1.data 2>&1
(standard_in) 1: syntax error
/opt/powertools/bin/wattsup1: no process found
./runenergynow_server1_fyp.sh: line 59: 19948 Killed                  $WATTSUP1 --interval=1 > wattsup1.data 2>&1
(standard_in) 1: syntax error
/opt/powertools/bin/wattsup1: no process found
./runenergynow_server1_fyp.sh: line 59: 21161 Killed                  $WATTSUP1 --interval=1 > wattsup1.data 2>&1
(standard_in) 1: syntax error
/opt/powertools/bin/wattsup1: no process found
./runenergynow_server1_fyp.sh: line 59: 22425 Killed                  $WATTSUP1 --interval=1 > wattsup1.data 2>&1
(standard_in) 1: syntax error
/opt/powertools/bin/wattsup1: no process found
./runenergynow_server1_fyp.sh: line 59: 23534 Killed                  $WATTSUP1 --interval=1 > wattsup1.data 2>&1
(standard_in) 1: syntax error
/opt/powertools/bin/wattsup1: no process found
./runenergynow_server1_fyp.sh: line 59: 24428 Killed                  $WATTSUP1 --interval=1 > wattsup1.data 2>&1
(standard_in) 1: syntax error
/opt/powertools/bin/wattsup1: no process found
./runenergynow_server1_fyp.sh: line 59: 25571 Killed                  $WATTSUP1 --interval=1 > wattsup1.data 2>&1
(standard_in) 1: syntax error
/opt/powertools/bin/wattsup1: no process found
./runenergynow_server1_fyp.sh: line 59: 26818 Killed                  $WATTSUP1 --interval=1 > wattsup1.data 2>&1
(standard_in) 1: syntax error
/opt/powertools/bin/wattsup1: no process found
./runenergynow_server1_fyp.sh: line 59: 27772 Killed                  $WATTSUP1 --interval=1 > wattsup1.data 2>&1
(standard_in) 1: syntax error
/opt/powertools/bin/wattsup1: no process found
./runenergynow_server1_fyp.sh: line 59: 28881 Killed                  $WATTSUP1 --interval=1 > wattsup1.data 2>&1
(standard_in) 1: syntax error
/opt/powertools/bin/wattsup1: no process found
./runenergynow_server1_fyp.sh: line 59: 30113 Killed                  $WATTSUP1 --interval=1 > wattsup1.data 2>&1
(standard_in) 1: syntax error
/opt/powertools/bin/wattsup1: no process found
./runenergynow_server1_fyp.sh: line 59: 31221 Killed                  $WATTSUP1 --interval=1 > wattsup1.data 2>&1
(standard_in) 1: syntax error
/opt/powertools/bin/wattsup1: no process found
./runenergynow_server1_fyp.sh: line 59: 32090 Killed                  $WATTSUP1 --interval=1 > wattsup1.data 2>&1
(standard_in) 1: syntax error
/opt/powertools/bin/wattsup1: no process found
./runenergynow_server1_fyp.sh: line 59: 33155 Killed                  $WATTSUP1 --interval=1 > wattsup1.data 2>&1
(standard_in) 1: syntax error
./runenergynow_server1_fyp.sh: line 84: ./dgemmlimb16: No such file or directory
./runenergynow_server1_fyp.sh: line 84: ./dgemmlimb16: No such file or directory
./runenergynow_server1_fyp.sh: line 84: ./dgemmlimb16: No such file or directory
./runenergynow_server1_fyp.sh: line 84: ./dgemmlimb16: No such file or directory
./runenergynow_server1_fyp.sh: line 84: ./dgemmlimb16: No such file or directory
./runenergynow_server1_fyp.sh: line 84: ./dgemmlimb16: No such file or directory
./runenergynow_server1_fyp.sh: line 84: ./dgemmlimb16: No such file or directory
./runenergynow_server1_fyp.sh: line 84: ./dgemmlimb16: No such file or directory
./runenergynow_server1_fyp.sh: line 84: ./dgemmlimb16: No such file or directory
./runenergynow_server1_fyp.sh: line 84: ./dgemmlimb16: No such file or directory
./runenergynow_server1_fyp.sh: line 84: ./dgemmlimb16: No such file or directory
./runenergynow_server1_fyp.sh: line 84: ./dgemmlimb16: No such file or directory
./runenergynow_server1_fyp.sh: line 84: ./dgemmlimb16: No such file or directory
./runenergynow_server1_fyp.sh: line 84: ./dgemmlimb16: No such file or directory
./runenergynow_server1_fyp.sh: line 84: ./dgemmlimb16: No such file or directory
/opt/powertools/bin/wattsup1: no process found
./runenergynow_server1_fyp.sh: line 59: 34507 Killed                  $WATTSUP1 --interval=1 > wattsup1.data 2>&1
(standard_in) 1: illegal character: N
./runenergynow_server1_fyp.sh: line 84: ./dgemmlimb16: No such file or directory
./runenergynow_server1_fyp.sh: line 84: ./dgemmlimb16: No such file or directory
./runenergynow_server1_fyp.sh: line 84: ./dgemmlimb16: No such file or directory
./runenergynow_server1_fyp.sh: line 84: ./dgemmlimb16: No such file or directory
./runenergynow_server1_fyp.sh: line 84: ./dgemmlimb16: No such file or directory
./runenergynow_server1_fyp.sh: line 84: ./dgemmlimb16: No such file or directory
./runenergynow_server1_fyp.sh: line 84: ./dgemmlimb16: No such file or directory
./runenergynow_server1_fyp.sh: line 84: ./dgemmlimb16: No such file or directory
./runenergynow_server1_fyp.sh: line 84: ./dgemmlimb16: No such file or directory
./runenergynow_server1_fyp.sh: line 84: ./dgemmlimb16: No such file or directory
./runenergynow_server1_fyp.sh: line 84: ./dgemmlimb16: No such file or directory
./runenergynow_server1_fyp.sh: line 84: ./dgemmlimb16: No such file or directory
./runenergynow_server1_fyp.sh: line 84: ./dgemmlimb16: No such file or directory
./runenergynow_server1_fyp.sh: line 84: ./dgemmlimb16: No such file or directory
./runenergynow_server1_fyp.sh: line 84: ./dgemmlimb16: No such file or directory
/opt/powertools/bin/wattsup1: no process found
./runenergynow_server1_fyp.sh: line 59: 34548 Killed                  $WATTSUP1 --interval=1 > wattsup1.data 2>&1
(standard_in) 1: illegal character: N
./runenergynow_server1_fyp.sh: line 84: ./dgemmlimb16: No such file or directory
./runenergynow_server1_fyp.sh: line 84: ./dgemmlimb16: No such file or directory
./runenergynow_server1_fyp.sh: line 84: ./dgemmlimb16: No such file or directory
./runenergynow_server1_fyp.sh: line 84: ./dgemmlimb16: No such file or directory
./runenergynow_server1_fyp.sh: line 84: ./dgemmlimb16: No such file or directory
./runenergynow_server1_fyp.sh: line 84: ./dgemmlimb16: No such file or directory
./runenergynow_server1_fyp.sh: line 84: ./dgemmlimb16: No such file or directory
./runenergynow_server1_fyp.sh: line 84: ./dgemmlimb16: No such file or directory
./runenergynow_server1_fyp.sh: line 84: ./dgemmlimb16: No such file or directory
./runenergynow_server1_fyp.sh: line 84: ./dgemmlimb16: No such file or directory
./runenergynow_server1_fyp.sh: line 84: ./dgemmlimb16: No such file or directory
./runenergynow_server1_fyp.sh: line 84: ./dgemmlimb16: No such file or directory
./runenergynow_server1_fyp.sh: line 84: ./dgemmlimb16: No such file or directory
./runenergynow_server1_fyp.sh: line 84: ./dgemmlimb16: No such file or directory
./runenergynow_server1_fyp.sh: line 84: ./dgemmlimb16: No such file or directory
/opt/powertools/bin/wattsup1: no process found
./runenergynow_server1_fyp.sh: line 59: 34589 Killed                  $WATTSUP1 --interval=1 > wattsup1.data 2>&1
(standard_in) 1: illegal character: N
/opt/powertools/bin/wattsup1: no process found
./runenergynow_server1_fyp.sh: line 59: 34631 Killed                  $WATTSUP1 --interval=1 > wattsup1.data 2>&1
(standard_in) 1: syntax error
/opt/powertools/bin/wattsup1: no process found
./runenergynow_server1_fyp.sh: line 59: 35500 Killed                  $WATTSUP1 --interval=1 > wattsup1.data 2>&1
(standard_in) 1: syntax error
/opt/powertools/bin/wattsup1: no process found
./runenergynow_server1_fyp.sh: line 59: 36748 Killed                  $WATTSUP1 --interval=1 > wattsup1.data 2>&1
(standard_in) 1: syntax error
