Redirecting to /bin/systemctl stop  mysqld.service
/opt/powertools/bin/wattsup1: no process found
./runenergynow_server1_fyp.sh: line 114: 10026 Killed                  $WATTSUP1 --interval=1 > wattsup1.data 2>&1
/opt/powertools/bin/wattsup1: no process found
./runenergynow_server1_fyp.sh: line 114: 10034 Killed                  $WATTSUP1 --interval=1 > wattsup1.data 2>&1
/opt/powertools/bin/wattsup1: no process found
./runenergynow_server1_fyp.sh: line 114: 10050 Killed                  $WATTSUP1 --interval=1 > wattsup1.data 2>&1
/opt/powertools/bin/wattsup1: no process found
./runenergynow_server1_fyp.sh: line 114: 10058 Killed                  $WATTSUP1 --interval=1 > wattsup1.data 2>&1
/opt/powertools/bin/wattsup1: no process found
./runenergynow_server1_fyp.sh: line 114: 10074 Killed                  $WATTSUP1 --interval=1 > wattsup1.data 2>&1
/opt/powertools/bin/wattsup1: no process found
./runenergynow_server1_fyp.sh: line 114: 10082 Killed                  $WATTSUP1 --interval=1 > wattsup1.data 2>&1
/opt/powertools/bin/wattsup1: no process found
./runenergynow_server1_fyp.sh: line 114: 10099 Killed                  $WATTSUP1 --interval=1 > wattsup1.data 2>&1
/opt/powertools/bin/wattsup1: no process found
./runenergynow_server1_fyp.sh: line 114: 10107 Killed                  $WATTSUP1 --interval=1 > wattsup1.data 2>&1
/opt/powertools/bin/wattsup1: no process found
./runenergynow_server1_fyp.sh: line 114: 10123 Killed                  $WATTSUP1 --interval=1 > wattsup1.data 2>&1
/opt/powertools/bin/wattsup1: no process found
./runenergynow_server1_fyp.sh: line 114: 10131 Killed                  $WATTSUP1 --interval=1 > wattsup1.data 2>&1
/opt/powertools/bin/wattsup1: no process found
./runenergynow_server1_fyp.sh: line 114: 10147 Killed                  $WATTSUP1 --interval=1 > wattsup1.data 2>&1
/opt/powertools/bin/wattsup1: no process found
./runenergynow_server1_fyp.sh: line 114: 10155 Killed                  $WATTSUP1 --interval=1 > wattsup1.data 2>&1
/opt/powertools/bin/wattsup1: no process found
./runenergynow_server1_fyp.sh: line 114: 10171 Killed                  $WATTSUP1 --interval=1 > wattsup1.data 2>&1
/opt/powertools/bin/wattsup1: no process found
./runenergynow_server1_fyp.sh: line 114: 10180 Killed                  $WATTSUP1 --interval=1 > wattsup1.data 2>&1
/opt/powertools/bin/wattsup1: no process found
./runenergynow_server1_fyp.sh: line 114: 10196 Killed                  $WATTSUP1 --interval=1 > wattsup1.data 2>&1
/opt/powertools/bin/wattsup1: no process found
./runenergynow_server1_fyp.sh: line 60: 10223 Killed                  $WATTSUP1 --interval=1 > wattsup1.data 2>&1
/opt/powertools/bin/wattsup1: no process found
./runenergynow_server1_fyp.sh: line 60: 10826 Killed                  $WATTSUP1 --interval=1 > wattsup1.data 2>&1
/opt/powertools/bin/wattsup1: no process found
./runenergynow_server1_fyp.sh: line 60: 11602 Killed                  $WATTSUP1 --interval=1 > wattsup1.data 2>&1
./runenergynow_server1_fyp.sh: line 85: ./dgemmlimb16: No such file or directory
./runenergynow_server1_fyp.sh: line 85: ./dgemmlimb16: No such file or directory
./runenergynow_server1_fyp.sh: line 85: ./dgemmlimb16: No such file or directory
./runenergynow_server1_fyp.sh: line 85: ./dgemmlimb16: No such file or directory
./runenergynow_server1_fyp.sh: line 85: ./dgemmlimb16: No such file or directory
./runenergynow_server1_fyp.sh: line 85: ./dgemmlimb16: No such file or directory
./runenergynow_server1_fyp.sh: line 85: ./dgemmlimb16: No such file or directory
./runenergynow_server1_fyp.sh: line 85: ./dgemmlimb16: No such file or directory
./runenergynow_server1_fyp.sh: line 85: ./dgemmlimb16: No such file or directory
./runenergynow_server1_fyp.sh: line 85: ./dgemmlimb16: No such file or directory
./runenergynow_server1_fyp.sh: line 85: ./dgemmlimb16: No such file or directory
./runenergynow_server1_fyp.sh: line 85: ./dgemmlimb16: No such file or directory
./runenergynow_server1_fyp.sh: line 85: ./dgemmlimb16: No such file or directory
./runenergynow_server1_fyp.sh: line 85: ./dgemmlimb16: No such file or directory
./runenergynow_server1_fyp.sh: line 85: ./dgemmlimb16: No such file or directory
/opt/powertools/bin/wattsup1: no process found
./runenergynow_server1_fyp.sh: line 60: 12571 Killed                  $WATTSUP1 --interval=1 > wattsup1.data 2>&1
(standard_in) 1: illegal character: N
./runenergynow_server1_fyp.sh: line 85: ./dgemmlimb16: No such file or directory
./runenergynow_server1_fyp.sh: line 85: ./dgemmlimb16: No such file or directory
./runenergynow_server1_fyp.sh: line 85: ./dgemmlimb16: No such file or directory
./runenergynow_server1_fyp.sh: line 85: ./dgemmlimb16: No such file or directory
./runenergynow_server1_fyp.sh: line 85: ./dgemmlimb16: No such file or directory
./runenergynow_server1_fyp.sh: line 85: ./dgemmlimb16: No such file or directory
./runenergynow_server1_fyp.sh: line 85: ./dgemmlimb16: No such file or directory
./runenergynow_server1_fyp.sh: line 85: ./dgemmlimb16: No such file or directory
./runenergynow_server1_fyp.sh: line 85: ./dgemmlimb16: No such file or directory
./runenergynow_server1_fyp.sh: line 85: ./dgemmlimb16: No such file or directory
./runenergynow_server1_fyp.sh: line 85: ./dgemmlimb16: No such file or directory
./runenergynow_server1_fyp.sh: line 85: ./dgemmlimb16: No such file or directory
./runenergynow_server1_fyp.sh: line 85: ./dgemmlimb16: No such file or directory
./runenergynow_server1_fyp.sh: line 85: ./dgemmlimb16: No such file or directory
./runenergynow_server1_fyp.sh: line 85: ./dgemmlimb16: No such file or directory
/opt/powertools/bin/wattsup1: no process found
./runenergynow_server1_fyp.sh: line 60: 12612 Killed                  $WATTSUP1 --interval=1 > wattsup1.data 2>&1
(standard_in) 1: illegal character: N
./runenergynow_server1_fyp.sh: line 85: ./dgemmlimb16: No such file or directory
./runenergynow_server1_fyp.sh: line 85: ./dgemmlimb16: No such file or directory
./runenergynow_server1_fyp.sh: line 85: ./dgemmlimb16: No such file or directory
./runenergynow_server1_fyp.sh: line 85: ./dgemmlimb16: No such file or directory
./runenergynow_server1_fyp.sh: line 85: ./dgemmlimb16: No such file or directory
./runenergynow_server1_fyp.sh: line 85: ./dgemmlimb16: No such file or directory
./runenergynow_server1_fyp.sh: line 85: ./dgemmlimb16: No such file or directory
./runenergynow_server1_fyp.sh: line 85: ./dgemmlimb16: No such file or directory
./runenergynow_server1_fyp.sh: line 85: ./dgemmlimb16: No such file or directory
./runenergynow_server1_fyp.sh: line 85: ./dgemmlimb16: No such file or directory
./runenergynow_server1_fyp.sh: line 85: ./dgemmlimb16: No such file or directory
./runenergynow_server1_fyp.sh: line 85: ./dgemmlimb16: No such file or directory
./runenergynow_server1_fyp.sh: line 85: ./dgemmlimb16: No such file or directory
./runenergynow_server1_fyp.sh: line 85: ./dgemmlimb16: No such file or directory
./runenergynow_server1_fyp.sh: line 85: ./dgemmlimb16: No such file or directory
/opt/powertools/bin/wattsup1: no process found
./runenergynow_server1_fyp.sh: line 60: 12653 Killed                  $WATTSUP1 --interval=1 > wattsup1.data 2>&1
(standard_in) 1: illegal character: N
/opt/powertools/bin/wattsup1: no process found
./runenergynow_server1_fyp.sh: line 60: 12695 Killed                  $WATTSUP1 --interval=1 > wattsup1.data 2>&1
/opt/powertools/bin/wattsup1: no process found
./runenergynow_server1_fyp.sh: line 60: 13293 Killed                  $WATTSUP1 --interval=1 > wattsup1.data 2>&1
/opt/powertools/bin/wattsup1: no process found
./runenergynow_server1_fyp.sh: line 60: 14249 Killed                  $WATTSUP1 --interval=1 > wattsup1.data 2>&1
