Redirecting to /bin/systemctl stop  mysqld.service
/opt/powertools/bin/wattsup1: no process found
./runenergynow_server1_fyp.sh: line 112:  6293 Killed                  $WATTSUP1 --interval=1 > wattsup1.data 2>&1
/opt/powertools/bin/wattsup1: no process found
./runenergynow_server1_fyp.sh: line 112:  6301 Killed                  $WATTSUP1 --interval=1 > wattsup1.data 2>&1
/opt/powertools/bin/wattsup1: no process found
./runenergynow_server1_fyp.sh: line 112:  6309 Killed                  $WATTSUP1 --interval=1 > wattsup1.data 2>&1
/opt/powertools/bin/wattsup1: no process found
./runenergynow_server1_fyp.sh: line 112:  6338 Killed                  $WATTSUP1 --interval=1 > wattsup1.data 2>&1
/opt/powertools/bin/wattsup1: no process found
./runenergynow_server1_fyp.sh: line 112:  6346 Killed                  $WATTSUP1 --interval=1 > wattsup1.data 2>&1
/opt/powertools/bin/wattsup1: no process found
./runenergynow_server1_fyp.sh: line 112:  6354 Killed                  $WATTSUP1 --interval=1 > wattsup1.data 2>&1
/opt/powertools/bin/wattsup1: no process found
./runenergynow_server1_fyp.sh: line 112:  6370 Killed                  $WATTSUP1 --interval=1 > wattsup1.data 2>&1
/opt/powertools/bin/wattsup1: no process found
./runenergynow_server1_fyp.sh: line 112:  6378 Killed                  $WATTSUP1 --interval=1 > wattsup1.data 2>&1
/opt/powertools/bin/wattsup1: no process found
./runenergynow_server1_fyp.sh: line 112:  6386 Killed                  $WATTSUP1 --interval=1 > wattsup1.data 2>&1
/opt/powertools/bin/wattsup1: no process found
./runenergynow_server1_fyp.sh: line 112:  6402 Killed                  $WATTSUP1 --interval=1 > wattsup1.data 2>&1
/opt/powertools/bin/wattsup1: no process found
./runenergynow_server1_fyp.sh: line 112:  6411 Killed                  $WATTSUP1 --interval=1 > wattsup1.data 2>&1
/opt/powertools/bin/wattsup1: no process found
./runenergynow_server1_fyp.sh: line 112:  6419 Killed                  $WATTSUP1 --interval=1 > wattsup1.data 2>&1
/opt/powertools/bin/wattsup1: no process found
./runenergynow_server1_fyp.sh: line 112:  6435 Killed                  $WATTSUP1 --interval=1 > wattsup1.data 2>&1
/opt/powertools/bin/wattsup1: no process found
./runenergynow_server1_fyp.sh: line 112:  6443 Killed                  $WATTSUP1 --interval=1 > wattsup1.data 2>&1
/opt/powertools/bin/wattsup1: no process found
./runenergynow_server1_fyp.sh: line 112:  6451 Killed                  $WATTSUP1 --interval=1 > wattsup1.data 2>&1
/opt/powertools/bin/wattsup1: no process found
./runenergynow_server1_fyp.sh: line 58:  6478 Killed                  $WATTSUP1 --interval=1 > wattsup1.data 2>&1
/opt/powertools/bin/wattsup1: no process found
./runenergynow_server1_fyp.sh: line 58:  7097 Killed                  $WATTSUP1 --interval=1 > wattsup1.data 2>&1
/opt/powertools/bin/wattsup1: no process found
./runenergynow_server1_fyp.sh: line 58:  7965 Killed                  $WATTSUP1 --interval=1 > wattsup1.data 2>&1
/opt/powertools/bin/wattsup1: no process found
./runenergynow_server1_fyp.sh: line 58:  8511 Killed                  $WATTSUP1 --interval=1 > wattsup1.data 2>&1
/opt/powertools/bin/wattsup1: no process found
./runenergynow_server1_fyp.sh: line 58:  9010 Killed                  $WATTSUP1 --interval=1 > wattsup1.data 2>&1
/opt/powertools/bin/wattsup1: no process found
./runenergynow_server1_fyp.sh: line 58:  9709 Killed                  $WATTSUP1 --interval=1 > wattsup1.data 2>&1
./runenergynow_server1_fyp.sh: line 83: ./dgemmlimb16: No such file or directory
./runenergynow_server1_fyp.sh: line 83: ./dgemmlimb16: No such file or directory
./runenergynow_server1_fyp.sh: line 83: ./dgemmlimb16: No such file or directory
./runenergynow_server1_fyp.sh: line 83: ./dgemmlimb16: No such file or directory
./runenergynow_server1_fyp.sh: line 83: ./dgemmlimb16: No such file or directory
./runenergynow_server1_fyp.sh: line 83: ./dgemmlimb16: No such file or directory
./runenergynow_server1_fyp.sh: line 83: ./dgemmlimb16: No such file or directory
./runenergynow_server1_fyp.sh: line 83: ./dgemmlimb16: No such file or directory
./runenergynow_server1_fyp.sh: line 83: ./dgemmlimb16: No such file or directory
./runenergynow_server1_fyp.sh: line 83: ./dgemmlimb16: No such file or directory
./runenergynow_server1_fyp.sh: line 83: ./dgemmlimb16: No such file or directory
./runenergynow_server1_fyp.sh: line 83: ./dgemmlimb16: No such file or directory
./runenergynow_server1_fyp.sh: line 83: ./dgemmlimb16: No such file or directory
./runenergynow_server1_fyp.sh: line 83: ./dgemmlimb16: No such file or directory
./runenergynow_server1_fyp.sh: line 83: ./dgemmlimb16: No such file or directory
/opt/powertools/bin/wattsup1: no process found
./runenergynow_server1_fyp.sh: line 58: 10568 Killed                  $WATTSUP1 --interval=1 > wattsup1.data 2>&1
(standard_in) 1: illegal character: N
./runenergynow_server1_fyp.sh: line 83: ./dgemmlimb16: No such file or directory
./runenergynow_server1_fyp.sh: line 83: ./dgemmlimb16: No such file or directory
./runenergynow_server1_fyp.sh: line 83: ./dgemmlimb16: No such file or directory
./runenergynow_server1_fyp.sh: line 83: ./dgemmlimb16: No such file or directory
./runenergynow_server1_fyp.sh: line 83: ./dgemmlimb16: No such file or directory
./runenergynow_server1_fyp.sh: line 83: ./dgemmlimb16: No such file or directory
./runenergynow_server1_fyp.sh: line 83: ./dgemmlimb16: No such file or directory
./runenergynow_server1_fyp.sh: line 83: ./dgemmlimb16: No such file or directory
./runenergynow_server1_fyp.sh: line 83: ./dgemmlimb16: No such file or directory
./runenergynow_server1_fyp.sh: line 83: ./dgemmlimb16: No such file or directory
./runenergynow_server1_fyp.sh: line 83: ./dgemmlimb16: No such file or directory
./runenergynow_server1_fyp.sh: line 83: ./dgemmlimb16: No such file or directory
./runenergynow_server1_fyp.sh: line 83: ./dgemmlimb16: No such file or directory
./runenergynow_server1_fyp.sh: line 83: ./dgemmlimb16: No such file or directory
./runenergynow_server1_fyp.sh: line 83: ./dgemmlimb16: No such file or directory
/opt/powertools/bin/wattsup1: no process found
./runenergynow_server1_fyp.sh: line 58: 10609 Killed                  $WATTSUP1 --interval=1 > wattsup1.data 2>&1
(standard_in) 1: illegal character: N
./runenergynow_server1_fyp.sh: line 83: ./dgemmlimb16: No such file or directory
./runenergynow_server1_fyp.sh: line 83: ./dgemmlimb16: No such file or directory
./runenergynow_server1_fyp.sh: line 83: ./dgemmlimb16: No such file or directory
./runenergynow_server1_fyp.sh: line 83: ./dgemmlimb16: No such file or directory
./runenergynow_server1_fyp.sh: line 83: ./dgemmlimb16: No such file or directory
./runenergynow_server1_fyp.sh: line 83: ./dgemmlimb16: No such file or directory
./runenergynow_server1_fyp.sh: line 83: ./dgemmlimb16: No such file or directory
./runenergynow_server1_fyp.sh: line 83: ./dgemmlimb16: No such file or directory
./runenergynow_server1_fyp.sh: line 83: ./dgemmlimb16: No such file or directory
./runenergynow_server1_fyp.sh: line 83: ./dgemmlimb16: No such file or directory
./runenergynow_server1_fyp.sh: line 83: ./dgemmlimb16: No such file or directory
./runenergynow_server1_fyp.sh: line 83: ./dgemmlimb16: No such file or directory
./runenergynow_server1_fyp.sh: line 83: ./dgemmlimb16: No such file or directory
./runenergynow_server1_fyp.sh: line 83: ./dgemmlimb16: No such file or directory
./runenergynow_server1_fyp.sh: line 83: ./dgemmlimb16: No such file or directory
/opt/powertools/bin/wattsup1: no process found
./runenergynow_server1_fyp.sh: line 58: 10650 Killed                  $WATTSUP1 --interval=1 > wattsup1.data 2>&1
(standard_in) 1: illegal character: N
/opt/powertools/bin/wattsup1: no process found
./runenergynow_server1_fyp.sh: line 58: 10692 Killed                  $WATTSUP1 --interval=1 > wattsup1.data 2>&1
/opt/powertools/bin/wattsup1: no process found
./runenergynow_server1_fyp.sh: line 58: 11214 Killed                  $WATTSUP1 --interval=1 > wattsup1.data 2>&1
/opt/powertools/bin/wattsup1: no process found
./runenergynow_server1_fyp.sh: line 58: 12075 Killed                  $WATTSUP1 --interval=1 > wattsup1.data 2>&1
