Redirecting to /bin/systemctl stop  mysqld.service
/opt/powertools/bin/wattsup1: no process found
./runenergynow_server1_fyp.sh: line 122:  4633 Killed                  $WATTSUP1 --interval=1 > wattsup1.data 2>&1
/opt/powertools/bin/wattsup1: no process found
./runenergynow_server1_fyp.sh: line 122:  4715 Killed                  $WATTSUP1 --interval=1 > wattsup1.data 2>&1
/opt/powertools/bin/wattsup1: no process found
./runenergynow_server1_fyp.sh: line 122:  4729 Killed                  $WATTSUP1 --interval=1 > wattsup1.data 2>&1
/opt/powertools/bin/wattsup1: no process found
./runenergynow_server1_fyp.sh: line 122:  4746 Killed                  $WATTSUP1 --interval=1 > wattsup1.data 2>&1
/opt/powertools/bin/wattsup1: no process found
./runenergynow_server1_fyp.sh: line 122:  4762 Killed                  $WATTSUP1 --interval=1 > wattsup1.data 2>&1
/opt/powertools/bin/wattsup1: no process found
./runenergynow_server1_fyp.sh: line 122:  4778 Killed                  $WATTSUP1 --interval=1 > wattsup1.data 2>&1
/opt/powertools/bin/wattsup1: no process found
./runenergynow_server1_fyp.sh: line 122:  4786 Killed                  $WATTSUP1 --interval=1 > wattsup1.data 2>&1
/opt/powertools/bin/wattsup1: no process found
./runenergynow_server1_fyp.sh: line 122:  4802 Killed                  $WATTSUP1 --interval=1 > wattsup1.data 2>&1
/opt/powertools/bin/wattsup1: no process found
./runenergynow_server1_fyp.sh: line 122:  4881 Killed                  $WATTSUP1 --interval=1 > wattsup1.data 2>&1
/opt/powertools/bin/wattsup1: no process found
./runenergynow_server1_fyp.sh: line 122:  4962 Killed                  $WATTSUP1 --interval=1 > wattsup1.data 2>&1
/opt/powertools/bin/wattsup1: no process found
./runenergynow_server1_fyp.sh: line 122:  4973 Killed                  $WATTSUP1 --interval=1 > wattsup1.data 2>&1
/opt/powertools/bin/wattsup1: no process found
./runenergynow_server1_fyp.sh: line 122:  5053 Killed                  $WATTSUP1 --interval=1 > wattsup1.data 2>&1
/opt/powertools/bin/wattsup1: no process found
./runenergynow_server1_fyp.sh: line 122:  5069 Killed                  $WATTSUP1 --interval=1 > wattsup1.data 2>&1
/opt/powertools/bin/wattsup1: no process found
./runenergynow_server1_fyp.sh: line 122:  5086 Killed                  $WATTSUP1 --interval=1 > wattsup1.data 2>&1
/opt/powertools/bin/wattsup1: no process found
./runenergynow_server1_fyp.sh: line 122:  5158 Killed                  $WATTSUP1 --interval=1 > wattsup1.data 2>&1
/opt/powertools/bin/wattsup1: no process found
./runenergynow_server1_fyp.sh: line 67:  5191 Killed                  $WATTSUP1 --interval=1 > wattsup1.data 2>&1
(standard_in) 1: syntax error
/opt/powertools/bin/wattsup1: no process found
./runenergynow_server1_fyp.sh: line 67:  7809 Killed                  $WATTSUP1 --interval=1 > wattsup1.data 2>&1
(standard_in) 1: syntax error
/opt/powertools/bin/wattsup1: no process found
./runenergynow_server1_fyp.sh: line 67: 12538 Killed                  $WATTSUP1 --interval=1 > wattsup1.data 2>&1
(standard_in) 1: syntax error
/opt/powertools/bin/wattsup1: no process found
./runenergynow_server1_fyp.sh: line 67: 15595 Killed                  $WATTSUP1 --interval=1 > wattsup1.data 2>&1
(standard_in) 1: syntax error
/opt/powertools/bin/wattsup1: no process found
./runenergynow_server1_fyp.sh: line 67: 18724 Killed                  $WATTSUP1 --interval=1 > wattsup1.data 2>&1
(standard_in) 1: syntax error
