Redirecting to /bin/systemctl stop  mysqld.service
/opt/powertools/bin/wattsup1: no process found
./runenergynow_server1_fyp.sh: line 106: 27191 Killed                  $WATTSUP1 --interval=1 > wattsup1.data 2>&1
/opt/powertools/bin/wattsup1: no process found
./runenergynow_server1_fyp.sh: line 56: 27245 Killed                  $WATTSUP1 --interval=1 > wattsup1.data 2>&1
/opt/powertools/bin/wattsup1: no process found
./runenergynow_server1_fyp.sh: line 56: 27440 Killed                  $WATTSUP1 --interval=1 > wattsup1.data 2>&1
/opt/powertools/bin/wattsup1: no process found
./runenergynow_server1_fyp.sh: line 56: 27594 Killed                  $WATTSUP1 --interval=1 > wattsup1.data 2>&1
/opt/powertools/bin/wattsup1: no process found
./runenergynow_server1_fyp.sh: line 56: 27747 Killed                  $WATTSUP1 --interval=1 > wattsup1.data 2>&1
/opt/powertools/bin/wattsup1: no process found
./runenergynow_server1_fyp.sh: line 56: 27900 Killed                  $WATTSUP1 --interval=1 > wattsup1.data 2>&1
/opt/powertools/bin/wattsup1: no process found
./runenergynow_server1_fyp.sh: line 56: 28087 Killed                  $WATTSUP1 --interval=1 > wattsup1.data 2>&1
/opt/powertools/bin/wattsup1: no process found
./runenergynow_server1_fyp.sh: line 56: 28262 Killed                  $WATTSUP1 --interval=1 > wattsup1.data 2>&1
/opt/powertools/bin/wattsup1: no process found
./runenergynow_server1_fyp.sh: line 56: 28458 Killed                  $WATTSUP1 --interval=1 > wattsup1.data 2>&1
/opt/powertools/bin/wattsup1: no process found
./runenergynow_server1_fyp.sh: line 56: 28655 Killed                  $WATTSUP1 --interval=1 > wattsup1.data 2>&1
/opt/powertools/bin/wattsup1: no process found
./runenergynow_server1_fyp.sh: line 56: 28880 Killed                  $WATTSUP1 --interval=1 > wattsup1.data 2>&1
/opt/powertools/bin/wattsup1: no process found
./runenergynow_server1_fyp.sh: line 56: 29107 Killed                  $WATTSUP1 --interval=1 > wattsup1.data 2>&1
/opt/powertools/bin/wattsup1: no process found
./runenergynow_server1_fyp.sh: line 56: 29363 Killed                  $WATTSUP1 --interval=1 > wattsup1.data 2>&1
/opt/powertools/bin/wattsup1: no process found
./runenergynow_server1_fyp.sh: line 56: 29619 Killed                  $WATTSUP1 --interval=1 > wattsup1.data 2>&1
/opt/powertools/bin/wattsup1: no process found
./runenergynow_server1_fyp.sh: line 56: 29902 Killed                  $WATTSUP1 --interval=1 > wattsup1.data 2>&1
/opt/powertools/bin/wattsup1: no process found
./runenergynow_server1_fyp.sh: line 56: 30203 Killed                  $WATTSUP1 --interval=1 > wattsup1.data 2>&1
/opt/powertools/bin/wattsup1: no process found
./runenergynow_server1_fyp.sh: line 56: 30509 Killed                  $WATTSUP1 --interval=1 > wattsup1.data 2>&1
/opt/powertools/bin/wattsup1: no process found
./runenergynow_server1_fyp.sh: line 56: 30829 Killed                  $WATTSUP1 --interval=1 > wattsup1.data 2>&1
/opt/powertools/bin/wattsup1: no process found
./runenergynow_server1_fyp.sh: line 56: 31169 Killed                  $WATTSUP1 --interval=1 > wattsup1.data 2>&1
/opt/powertools/bin/wattsup1: no process found
./runenergynow_server1_fyp.sh: line 56: 31518 Killed                  $WATTSUP1 --interval=1 > wattsup1.data 2>&1
/opt/powertools/bin/wattsup1: no process found
./runenergynow_server1_fyp.sh: line 56: 31900 Killed                  $WATTSUP1 --interval=1 > wattsup1.data 2>&1
/opt/powertools/bin/wattsup1: no process found
./runenergynow_server1_fyp.sh: line 56: 32268 Killed                  $WATTSUP1 --interval=1 > wattsup1.data 2>&1
/opt/powertools/bin/wattsup1: no process found
./runenergynow_server1_fyp.sh: line 56: 32660 Killed                  $WATTSUP1 --interval=1 > wattsup1.data 2>&1
/opt/powertools/bin/wattsup1: no process found
./runenergynow_server1_fyp.sh: line 56: 33071 Killed                  $WATTSUP1 --interval=1 > wattsup1.data 2>&1
/opt/powertools/bin/wattsup1: no process found
./runenergynow_server1_fyp.sh: line 56: 33484 Killed                  $WATTSUP1 --interval=1 > wattsup1.data 2>&1
/opt/powertools/bin/wattsup1: no process found
./runenergynow_server1_fyp.sh: line 56: 33927 Killed                  $WATTSUP1 --interval=1 > wattsup1.data 2>&1
/opt/powertools/bin/wattsup1: no process found
./runenergynow_server1_fyp.sh: line 56: 34380 Killed                  $WATTSUP1 --interval=1 > wattsup1.data 2>&1
/opt/powertools/bin/wattsup1: no process found
./runenergynow_server1_fyp.sh: line 56: 34846 Killed                  $WATTSUP1 --interval=1 > wattsup1.data 2>&1
/opt/powertools/bin/wattsup1: no process found
./runenergynow_server1_fyp.sh: line 56: 35326 Killed                  $WATTSUP1 --interval=1 > wattsup1.data 2>&1
/opt/powertools/bin/wattsup1: no process found
./runenergynow_server1_fyp.sh: line 56: 35822 Killed                  $WATTSUP1 --interval=1 > wattsup1.data 2>&1
/opt/powertools/bin/wattsup1: no process found
./runenergynow_server1_fyp.sh: line 56: 36333 Killed                  $WATTSUP1 --interval=1 > wattsup1.data 2>&1
/opt/powertools/bin/wattsup1: no process found
./runenergynow_server1_fyp.sh: line 56: 36857 Killed                  $WATTSUP1 --interval=1 > wattsup1.data 2>&1
/opt/powertools/bin/wattsup1: no process found
./runenergynow_server1_fyp.sh: line 56: 37398 Killed                  $WATTSUP1 --interval=1 > wattsup1.data 2>&1
/opt/powertools/bin/wattsup1: no process found
./runenergynow_server1_fyp.sh: line 56: 37946 Killed                  $WATTSUP1 --interval=1 > wattsup1.data 2>&1
/opt/powertools/bin/wattsup1: no process found
./runenergynow_server1_fyp.sh: line 56: 38535 Killed                  $WATTSUP1 --interval=1 > wattsup1.data 2>&1
/opt/powertools/bin/wattsup1: no process found
./runenergynow_server1_fyp.sh: line 56: 39123 Killed                  $WATTSUP1 --interval=1 > wattsup1.data 2>&1
/opt/powertools/bin/wattsup1: no process found
./runenergynow_server1_fyp.sh: line 56: 39726 Killed                  $WATTSUP1 --interval=1 > wattsup1.data 2>&1
/opt/powertools/bin/wattsup1: no process found
./runenergynow_server1_fyp.sh: line 56: 40360 Killed                  $WATTSUP1 --interval=1 > wattsup1.data 2>&1
/opt/powertools/bin/wattsup1: no process found
./runenergynow_server1_fyp.sh: line 56: 40983 Killed                  $WATTSUP1 --interval=1 > wattsup1.data 2>&1
/opt/powertools/bin/wattsup1: no process found
./runenergynow_server1_fyp.sh: line 56: 41656 Killed                  $WATTSUP1 --interval=1 > wattsup1.data 2>&1
/opt/powertools/bin/wattsup1: no process found
./runenergynow_server1_fyp.sh: line 56: 42309 Killed                  $WATTSUP1 --interval=1 > wattsup1.data 2>&1
/opt/powertools/bin/wattsup1: no process found
./runenergynow_server1_fyp.sh: line 56: 42985 Killed                  $WATTSUP1 --interval=1 > wattsup1.data 2>&1
/opt/powertools/bin/wattsup1: no process found
./runenergynow_server1_fyp.sh: line 56: 43682 Killed                  $WATTSUP1 --interval=1 > wattsup1.data 2>&1
/opt/powertools/bin/wattsup1: no process found
./runenergynow_server1_fyp.sh: line 56: 44380 Killed                  $WATTSUP1 --interval=1 > wattsup1.data 2>&1
/opt/powertools/bin/wattsup1: no process found
./runenergynow_server1_fyp.sh: line 56: 45102 Killed                  $WATTSUP1 --interval=1 > wattsup1.data 2>&1
/opt/powertools/bin/wattsup1: no process found
./runenergynow_server1_fyp.sh: line 56: 45837 Killed                  $WATTSUP1 --interval=1 > wattsup1.data 2>&1
/opt/powertools/bin/wattsup1: no process found
./runenergynow_server1_fyp.sh: line 56: 46588 Killed                  $WATTSUP1 --interval=1 > wattsup1.data 2>&1
/opt/powertools/bin/wattsup1: no process found
./runenergynow_server1_fyp.sh: line 56: 47346 Killed                  $WATTSUP1 --interval=1 > wattsup1.data 2>&1
/opt/powertools/bin/wattsup1: no process found
./runenergynow_server1_fyp.sh: line 56: 48133 Killed                  $WATTSUP1 --interval=1 > wattsup1.data 2>&1
/opt/powertools/bin/wattsup1: no process found
./runenergynow_server1_fyp.sh: line 56: 48923 Killed                  $WATTSUP1 --interval=1 > wattsup1.data 2>&1
/opt/powertools/bin/wattsup1: no process found
./runenergynow_server1_fyp.sh: line 56:   385 Killed                  $WATTSUP1 --interval=1 > wattsup1.data 2>&1
/opt/powertools/bin/wattsup1: no process found
./runenergynow_server1_fyp.sh: line 56:   645 Killed                  $WATTSUP1 --interval=1 > wattsup1.data 2>&1
/opt/powertools/bin/wattsup1: no process found
./runenergynow_server1_fyp.sh: line 56:   910 Killed                  $WATTSUP1 --interval=1 > wattsup1.data 2>&1
/opt/powertools/bin/wattsup1: no process found
./runenergynow_server1_fyp.sh: line 56:  1170 Killed                  $WATTSUP1 --interval=1 > wattsup1.data 2>&1
/opt/powertools/bin/wattsup1: no process found
./runenergynow_server1_fyp.sh: line 56:  1495 Killed                  $WATTSUP1 --interval=1 > wattsup1.data 2>&1
/opt/powertools/bin/wattsup1: no process found
./runenergynow_server1_fyp.sh: line 56:  1793 Killed                  $WATTSUP1 --interval=1 > wattsup1.data 2>&1
/opt/powertools/bin/wattsup1: no process found
./runenergynow_server1_fyp.sh: line 56:  2098 Killed                  $WATTSUP1 --interval=1 > wattsup1.data 2>&1
/opt/powertools/bin/wattsup1: no process found
./runenergynow_server1_fyp.sh: line 56:  2475 Killed                  $WATTSUP1 --interval=1 > wattsup1.data 2>&1
/opt/powertools/bin/wattsup1: no process found
./runenergynow_server1_fyp.sh: line 56:  2841 Killed                  $WATTSUP1 --interval=1 > wattsup1.data 2>&1
/opt/powertools/bin/wattsup1: no process found
./runenergynow_server1_fyp.sh: line 56:  3239 Killed                  $WATTSUP1 --interval=1 > wattsup1.data 2>&1
/opt/powertools/bin/wattsup1: no process found
./runenergynow_server1_fyp.sh: line 56:  3666 Killed                  $WATTSUP1 --interval=1 > wattsup1.data 2>&1
/opt/powertools/bin/wattsup1: no process found
./runenergynow_server1_fyp.sh: line 56:  4122 Killed                  $WATTSUP1 --interval=1 > wattsup1.data 2>&1
/opt/powertools/bin/wattsup1: no process found
./runenergynow_server1_fyp.sh: line 56:  4601 Killed                  $WATTSUP1 --interval=1 > wattsup1.data 2>&1
/opt/powertools/bin/wattsup1: no process found
./runenergynow_server1_fyp.sh: line 56:  5113 Killed                  $WATTSUP1 --interval=1 > wattsup1.data 2>&1
/opt/powertools/bin/wattsup1: no process found
./runenergynow_server1_fyp.sh: line 56:  5648 Killed                  $WATTSUP1 --interval=1 > wattsup1.data 2>&1
/opt/powertools/bin/wattsup1: no process found
./runenergynow_server1_fyp.sh: line 56:  6219 Killed                  $WATTSUP1 --interval=1 > wattsup1.data 2>&1
/opt/powertools/bin/wattsup1: no process found
./runenergynow_server1_fyp.sh: line 56:  6816 Killed                  $WATTSUP1 --interval=1 > wattsup1.data 2>&1
/opt/powertools/bin/wattsup1: no process found
./runenergynow_server1_fyp.sh: line 56:  7446 Killed                  $WATTSUP1 --interval=1 > wattsup1.data 2>&1
/opt/powertools/bin/wattsup1: no process found
./runenergynow_server1_fyp.sh: line 56:  8102 Killed                  $WATTSUP1 --interval=1 > wattsup1.data 2>&1
/opt/powertools/bin/wattsup1: no process found
./runenergynow_server1_fyp.sh: line 56:  8799 Killed                  $WATTSUP1 --interval=1 > wattsup1.data 2>&1
/opt/powertools/bin/wattsup1: no process found
./runenergynow_server1_fyp.sh: line 56:  9514 Killed                  $WATTSUP1 --interval=1 > wattsup1.data 2>&1
/opt/powertools/bin/wattsup1: no process found
./runenergynow_server1_fyp.sh: line 56: 10359 Killed                  $WATTSUP1 --interval=1 > wattsup1.data 2>&1
/opt/powertools/bin/wattsup1: no process found
./runenergynow_server1_fyp.sh: line 56: 11135 Killed                  $WATTSUP1 --interval=1 > wattsup1.data 2>&1
/opt/powertools/bin/wattsup1: no process found
./runenergynow_server1_fyp.sh: line 56: 11949 Killed                  $WATTSUP1 --interval=1 > wattsup1.data 2>&1
/opt/powertools/bin/wattsup1: no process found
./runenergynow_server1_fyp.sh: line 56: 12175 Killed                  $WATTSUP1 --interval=1 > wattsup1.data 2>&1
/opt/powertools/bin/wattsup1: no process found
./runenergynow_server1_fyp.sh: line 56: 12422 Killed                  $WATTSUP1 --interval=1 > wattsup1.data 2>&1
/opt/powertools/bin/wattsup1: no process found
./runenergynow_server1_fyp.sh: line 56: 12677 Killed                  $WATTSUP1 --interval=1 > wattsup1.data 2>&1
/opt/powertools/bin/wattsup1: no process found
./runenergynow_server1_fyp.sh: line 56: 12988 Killed                  $WATTSUP1 --interval=1 > wattsup1.data 2>&1
/opt/powertools/bin/wattsup1: no process found
./runenergynow_server1_fyp.sh: line 56: 13320 Killed                  $WATTSUP1 --interval=1 > wattsup1.data 2>&1
/opt/powertools/bin/wattsup1: no process found
./runenergynow_server1_fyp.sh: line 56: 13697 Killed                  $WATTSUP1 --interval=1 > wattsup1.data 2>&1
/opt/powertools/bin/wattsup1: no process found
./runenergynow_server1_fyp.sh: line 56: 14105 Killed                  $WATTSUP1 --interval=1 > wattsup1.data 2>&1
/opt/powertools/bin/wattsup1: no process found
./runenergynow_server1_fyp.sh: line 56: 14563 Killed                  $WATTSUP1 --interval=1 > wattsup1.data 2>&1
/opt/powertools/bin/wattsup1: no process found
./runenergynow_server1_fyp.sh: line 56: 15062 Killed                  $WATTSUP1 --interval=1 > wattsup1.data 2>&1
/opt/powertools/bin/wattsup1: no process found
./runenergynow_server1_fyp.sh: line 56: 15604 Killed                  $WATTSUP1 --interval=1 > wattsup1.data 2>&1
/opt/powertools/bin/wattsup1: no process found
./runenergynow_server1_fyp.sh: line 56: 16189 Killed                  $WATTSUP1 --interval=1 > wattsup1.data 2>&1
/opt/powertools/bin/wattsup1: no process found
./runenergynow_server1_fyp.sh: line 56: 16822 Killed                  $WATTSUP1 --interval=1 > wattsup1.data 2>&1
/opt/powertools/bin/wattsup1: no process found
./runenergynow_server1_fyp.sh: line 56: 17497 Killed                  $WATTSUP1 --interval=1 > wattsup1.data 2>&1
/opt/powertools/bin/wattsup1: no process found
./runenergynow_server1_fyp.sh: line 56: 18216 Killed                  $WATTSUP1 --interval=1 > wattsup1.data 2>&1
/opt/powertools/bin/wattsup1: no process found
./runenergynow_server1_fyp.sh: line 56: 18976 Killed                  $WATTSUP1 --interval=1 > wattsup1.data 2>&1
/opt/powertools/bin/wattsup1: no process found
./runenergynow_server1_fyp.sh: line 56: 19788 Killed                  $WATTSUP1 --interval=1 > wattsup1.data 2>&1
/opt/powertools/bin/wattsup1: no process found
./runenergynow_server1_fyp.sh: line 56: 20028 Killed                  $WATTSUP1 --interval=1 > wattsup1.data 2>&1
/opt/powertools/bin/wattsup1: no process found
./runenergynow_server1_fyp.sh: line 56: 20296 Killed                  $WATTSUP1 --interval=1 > wattsup1.data 2>&1
/opt/powertools/bin/wattsup1: no process found
./runenergynow_server1_fyp.sh: line 56: 20622 Killed                  $WATTSUP1 --interval=1 > wattsup1.data 2>&1
/opt/powertools/bin/wattsup1: no process found
./runenergynow_server1_fyp.sh: line 56: 20974 Killed                  $WATTSUP1 --interval=1 > wattsup1.data 2>&1
/opt/powertools/bin/wattsup1: no process found
./runenergynow_server1_fyp.sh: line 56: 21394 Killed                  $WATTSUP1 --interval=1 > wattsup1.data 2>&1
/opt/powertools/bin/wattsup1: no process found
./runenergynow_server1_fyp.sh: line 56: 21854 Killed                  $WATTSUP1 --interval=1 > wattsup1.data 2>&1
/opt/powertools/bin/wattsup1: no process found
./runenergynow_server1_fyp.sh: line 56: 22368 Killed                  $WATTSUP1 --interval=1 > wattsup1.data 2>&1
/opt/powertools/bin/wattsup1: no process found
./runenergynow_server1_fyp.sh: line 56: 22947 Killed                  $WATTSUP1 --interval=1 > wattsup1.data 2>&1
/opt/powertools/bin/wattsup1: no process found
./runenergynow_server1_fyp.sh: line 56: 23580 Killed                  $WATTSUP1 --interval=1 > wattsup1.data 2>&1
/opt/powertools/bin/wattsup1: no process found
./runenergynow_server1_fyp.sh: line 56: 24271 Killed                  $WATTSUP1 --interval=1 > wattsup1.data 2>&1
/opt/powertools/bin/wattsup1: no process found
./runenergynow_server1_fyp.sh: line 56: 25022 Killed                  $WATTSUP1 --interval=1 > wattsup1.data 2>&1
/opt/powertools/bin/wattsup1: no process found
./runenergynow_server1_fyp.sh: line 56: 25828 Killed                  $WATTSUP1 --interval=1 > wattsup1.data 2>&1
/opt/powertools/bin/wattsup1: no process found
./runenergynow_server1_fyp.sh: line 56: 26091 Killed                  $WATTSUP1 --interval=1 > wattsup1.data 2>&1
/opt/powertools/bin/wattsup1: no process found
./runenergynow_server1_fyp.sh: line 56: 26439 Killed                  $WATTSUP1 --interval=1 > wattsup1.data 2>&1
/opt/powertools/bin/wattsup1: no process found
./runenergynow_server1_fyp.sh: line 56: 26826 Killed                  $WATTSUP1 --interval=1 > wattsup1.data 2>&1
/opt/powertools/bin/wattsup1: no process found
./runenergynow_server1_fyp.sh: line 56: 27297 Killed                  $WATTSUP1 --interval=1 > wattsup1.data 2>&1
/opt/powertools/bin/wattsup1: no process found
./runenergynow_server1_fyp.sh: line 56: 27854 Killed                  $WATTSUP1 --interval=1 > wattsup1.data 2>&1
/opt/powertools/bin/wattsup1: no process found
./runenergynow_server1_fyp.sh: line 56: 28502 Killed                  $WATTSUP1 --interval=1 > wattsup1.data 2>&1
/opt/powertools/bin/wattsup1: no process found
./runenergynow_server1_fyp.sh: line 56: 29218 Killed                  $WATTSUP1 --interval=1 > wattsup1.data 2>&1
