Redirecting to /bin/systemctl stop mysqld.service
Failed to stop mysqld.service: Unit mysqld.service not loaded.
/opt/powertools/bin/wattsup1: no process found
./runenergynow_server2_fyp.sh: line 97: 33439 Killed                  $WATTSUP1 --interval=1 > wattsup1.data 2>&1
/opt/powertools/bin/wattsup1: no process found
./runenergynow_server2_fyp.sh: line 53: 33485 Killed                  $WATTSUP1 --interval=1 > wattsup1.data 2>&1
/opt/powertools/bin/wattsup1: no process found
./runenergynow_server2_fyp.sh: line 53: 33567 Killed                  $WATTSUP1 --interval=1 > wattsup1.data 2>&1
/opt/powertools/bin/wattsup1: no process found
./runenergynow_server2_fyp.sh: line 53: 33650 Killed                  $WATTSUP1 --interval=1 > wattsup1.data 2>&1
/opt/powertools/bin/wattsup1: no process found
./runenergynow_server2_fyp.sh: line 53: 33748 Killed                  $WATTSUP1 --interval=1 > wattsup1.data 2>&1
/opt/powertools/bin/wattsup1: no process found
./runenergynow_server2_fyp.sh: line 53: 33852 Killed                  $WATTSUP1 --interval=1 > wattsup1.data 2>&1
/opt/powertools/bin/wattsup1: no process found
./runenergynow_server2_fyp.sh: line 53: 33987 Killed                  $WATTSUP1 --interval=1 > wattsup1.data 2>&1
/opt/powertools/bin/wattsup1: no process found
./runenergynow_server2_fyp.sh: line 53: 34142 Killed                  $WATTSUP1 --interval=1 > wattsup1.data 2>&1
/opt/powertools/bin/wattsup1: no process found
./runenergynow_server2_fyp.sh: line 53: 34291 Killed                  $WATTSUP1 --interval=1 > wattsup1.data 2>&1
/opt/powertools/bin/wattsup1: no process found
./runenergynow_server2_fyp.sh: line 53: 34455 Killed                  $WATTSUP1 --interval=1 > wattsup1.data 2>&1
/opt/powertools/bin/wattsup1: no process found
./runenergynow_server2_fyp.sh: line 53: 34651 Killed                  $WATTSUP1 --interval=1 > wattsup1.data 2>&1
/opt/powertools/bin/wattsup1: no process found
./runenergynow_server2_fyp.sh: line 53: 34847 Killed                  $WATTSUP1 --interval=1 > wattsup1.data 2>&1
/opt/powertools/bin/wattsup1: no process found
./runenergynow_server2_fyp.sh: line 53: 35056 Killed                  $WATTSUP1 --interval=1 > wattsup1.data 2>&1
/opt/powertools/bin/wattsup1: no process found
./runenergynow_server2_fyp.sh: line 53: 35282 Killed                  $WATTSUP1 --interval=1 > wattsup1.data 2>&1
/opt/powertools/bin/wattsup1: no process found
./runenergynow_server2_fyp.sh: line 53: 35521 Killed                  $WATTSUP1 --interval=1 > wattsup1.data 2>&1
/opt/powertools/bin/wattsup1: no process found
./runenergynow_server2_fyp.sh: line 53: 35796 Killed                  $WATTSUP1 --interval=1 > wattsup1.data 2>&1
/opt/powertools/bin/wattsup1: no process found
./runenergynow_server2_fyp.sh: line 53: 36065 Killed                  $WATTSUP1 --interval=1 > wattsup1.data 2>&1
/opt/powertools/bin/wattsup1: no process found
./runenergynow_server2_fyp.sh: line 53: 36349 Killed                  $WATTSUP1 --interval=1 > wattsup1.data 2>&1
/opt/powertools/bin/wattsup1: no process found
./runenergynow_server2_fyp.sh: line 53: 36650 Killed                  $WATTSUP1 --interval=1 > wattsup1.data 2>&1
/opt/powertools/bin/wattsup1: no process found
./runenergynow_server2_fyp.sh: line 53: 36965 Killed                  $WATTSUP1 --interval=1 > wattsup1.data 2>&1
/opt/powertools/bin/wattsup1: no process found
./runenergynow_server2_fyp.sh: line 53: 37300 Killed                  $WATTSUP1 --interval=1 > wattsup1.data 2>&1
/opt/powertools/bin/wattsup1: no process found
./runenergynow_server2_fyp.sh: line 53: 37646 Killed                  $WATTSUP1 --interval=1 > wattsup1.data 2>&1
/opt/powertools/bin/wattsup1: no process found
./runenergynow_server2_fyp.sh: line 53: 37997 Killed                  $WATTSUP1 --interval=1 > wattsup1.data 2>&1
/opt/powertools/bin/wattsup1: no process found
./runenergynow_server2_fyp.sh: line 53: 38372 Killed                  $WATTSUP1 --interval=1 > wattsup1.data 2>&1
/opt/powertools/bin/wattsup1: no process found
./runenergynow_server2_fyp.sh: line 53: 38761 Killed                  $WATTSUP1 --interval=1 > wattsup1.data 2>&1
/opt/powertools/bin/wattsup1: no process found
./runenergynow_server2_fyp.sh: line 53: 39174 Killed                  $WATTSUP1 --interval=1 > wattsup1.data 2>&1
/opt/powertools/bin/wattsup1: no process found
./runenergynow_server2_fyp.sh: line 53: 39595 Killed                  $WATTSUP1 --interval=1 > wattsup1.data 2>&1
/opt/powertools/bin/wattsup1: no process found
./runenergynow_server2_fyp.sh: line 53: 40031 Killed                  $WATTSUP1 --interval=1 > wattsup1.data 2>&1
/opt/powertools/bin/wattsup1: no process found
./runenergynow_server2_fyp.sh: line 53: 40481 Killed                  $WATTSUP1 --interval=1 > wattsup1.data 2>&1
/opt/powertools/bin/wattsup1: no process found
./runenergynow_server2_fyp.sh: line 53: 40937 Killed                  $WATTSUP1 --interval=1 > wattsup1.data 2>&1
/opt/powertools/bin/wattsup1: no process found
./runenergynow_server2_fyp.sh: line 53: 41417 Killed                  $WATTSUP1 --interval=1 > wattsup1.data 2>&1
/opt/powertools/bin/wattsup1: no process found
./runenergynow_server2_fyp.sh: line 53: 41917 Killed                  $WATTSUP1 --interval=1 > wattsup1.data 2>&1
/opt/powertools/bin/wattsup1: no process found
./runenergynow_server2_fyp.sh: line 53: 42428 Killed                  $WATTSUP1 --interval=1 > wattsup1.data 2>&1
/opt/powertools/bin/wattsup1: no process found
./runenergynow_server2_fyp.sh: line 53: 42954 Killed                  $WATTSUP1 --interval=1 > wattsup1.data 2>&1
/opt/powertools/bin/wattsup1: no process found
./runenergynow_server2_fyp.sh: line 53: 43493 Killed                  $WATTSUP1 --interval=1 > wattsup1.data 2>&1
/opt/powertools/bin/wattsup1: no process found
./runenergynow_server2_fyp.sh: line 53: 44041 Killed                  $WATTSUP1 --interval=1 > wattsup1.data 2>&1
/opt/powertools/bin/wattsup1: no process found
./runenergynow_server2_fyp.sh: line 53: 44619 Killed                  $WATTSUP1 --interval=1 > wattsup1.data 2>&1
/opt/powertools/bin/wattsup1: no process found
./runenergynow_server2_fyp.sh: line 53: 45203 Killed                  $WATTSUP1 --interval=1 > wattsup1.data 2>&1
/opt/powertools/bin/wattsup1: no process found
./runenergynow_server2_fyp.sh: line 53: 45802 Killed                  $WATTSUP1 --interval=1 > wattsup1.data 2>&1
/opt/powertools/bin/wattsup1: no process found
./runenergynow_server2_fyp.sh: line 53: 46418 Killed                  $WATTSUP1 --interval=1 > wattsup1.data 2>&1
/opt/powertools/bin/wattsup1: no process found
./runenergynow_server2_fyp.sh: line 53: 47041 Killed                  $WATTSUP1 --interval=1 > wattsup1.data 2>&1
/opt/powertools/bin/wattsup1: no process found
./runenergynow_server2_fyp.sh: line 53: 47687 Killed                  $WATTSUP1 --interval=1 > wattsup1.data 2>&1
/opt/powertools/bin/wattsup1: no process found
./runenergynow_server2_fyp.sh: line 53: 48353 Killed                  $WATTSUP1 --interval=1 > wattsup1.data 2>&1
/opt/powertools/bin/wattsup1: no process found
./runenergynow_server2_fyp.sh: line 53: 49029 Killed                  $WATTSUP1 --interval=1 > wattsup1.data 2>&1
/opt/powertools/bin/wattsup1: no process found
./runenergynow_server2_fyp.sh: line 53: 49713 Killed                  $WATTSUP1 --interval=1 > wattsup1.data 2>&1
/opt/powertools/bin/wattsup1: no process found
./runenergynow_server2_fyp.sh: line 53: 50421 Killed                  $WATTSUP1 --interval=1 > wattsup1.data 2>&1
/opt/powertools/bin/wattsup1: no process found
./runenergynow_server2_fyp.sh: line 53: 50556 Killed                  $WATTSUP1 --interval=1 > wattsup1.data 2>&1
/opt/powertools/bin/wattsup1: no process found
./runenergynow_server2_fyp.sh: line 53: 50677 Killed                  $WATTSUP1 --interval=1 > wattsup1.data 2>&1
/opt/powertools/bin/wattsup1: no process found
./runenergynow_server2_fyp.sh: line 53: 50837 Killed                  $WATTSUP1 --interval=1 > wattsup1.data 2>&1
/opt/powertools/bin/wattsup1: no process found
./runenergynow_server2_fyp.sh: line 53: 51018 Killed                  $WATTSUP1 --interval=1 > wattsup1.data 2>&1
/opt/powertools/bin/wattsup1: no process found
./runenergynow_server2_fyp.sh: line 53: 51221 Killed                  $WATTSUP1 --interval=1 > wattsup1.data 2>&1
/opt/powertools/bin/wattsup1: no process found
./runenergynow_server2_fyp.sh: line 53: 51462 Killed                  $WATTSUP1 --interval=1 > wattsup1.data 2>&1
/opt/powertools/bin/wattsup1: no process found
./runenergynow_server2_fyp.sh: line 53: 51725 Killed                  $WATTSUP1 --interval=1 > wattsup1.data 2>&1
/opt/powertools/bin/wattsup1: no process found
./runenergynow_server2_fyp.sh: line 53: 52020 Killed                  $WATTSUP1 --interval=1 > wattsup1.data 2>&1
/opt/powertools/bin/wattsup1: no process found
./runenergynow_server2_fyp.sh: line 53: 52349 Killed                  $WATTSUP1 --interval=1 > wattsup1.data 2>&1
/opt/powertools/bin/wattsup1: no process found
./runenergynow_server2_fyp.sh: line 53: 52703 Killed                  $WATTSUP1 --interval=1 > wattsup1.data 2>&1
/opt/powertools/bin/wattsup1: no process found
./runenergynow_server2_fyp.sh: line 53: 53077 Killed                  $WATTSUP1 --interval=1 > wattsup1.data 2>&1
/opt/powertools/bin/wattsup1: no process found
./runenergynow_server2_fyp.sh: line 53: 53491 Killed                  $WATTSUP1 --interval=1 > wattsup1.data 2>&1
/opt/powertools/bin/wattsup1: no process found
./runenergynow_server2_fyp.sh: line 53: 53934 Killed                  $WATTSUP1 --interval=1 > wattsup1.data 2>&1
/opt/powertools/bin/wattsup1: no process found
./runenergynow_server2_fyp.sh: line 53: 54407 Killed                  $WATTSUP1 --interval=1 > wattsup1.data 2>&1
/opt/powertools/bin/wattsup1: no process found
./runenergynow_server2_fyp.sh: line 53: 54905 Killed                  $WATTSUP1 --interval=1 > wattsup1.data 2>&1
/opt/powertools/bin/wattsup1: no process found
./runenergynow_server2_fyp.sh: line 53: 55431 Killed                  $WATTSUP1 --interval=1 > wattsup1.data 2>&1
/opt/powertools/bin/wattsup1: no process found
./runenergynow_server2_fyp.sh: line 53: 56004 Killed                  $WATTSUP1 --interval=1 > wattsup1.data 2>&1
/opt/powertools/bin/wattsup1: no process found
./runenergynow_server2_fyp.sh: line 53: 56589 Killed                  $WATTSUP1 --interval=1 > wattsup1.data 2>&1
/opt/powertools/bin/wattsup1: no process found
./runenergynow_server2_fyp.sh: line 53: 57207 Killed                  $WATTSUP1 --interval=1 > wattsup1.data 2>&1
/opt/powertools/bin/wattsup1: no process found
./runenergynow_server2_fyp.sh: line 53: 57860 Killed                  $WATTSUP1 --interval=1 > wattsup1.data 2>&1
/opt/powertools/bin/wattsup1: no process found
./runenergynow_server2_fyp.sh: line 53: 58539 Killed                  $WATTSUP1 --interval=1 > wattsup1.data 2>&1
/opt/powertools/bin/wattsup1: no process found
./runenergynow_server2_fyp.sh: line 53: 59275 Killed                  $WATTSUP1 --interval=1 > wattsup1.data 2>&1
/opt/powertools/bin/wattsup1: no process found
./runenergynow_server2_fyp.sh: line 53: 59405 Killed                  $WATTSUP1 --interval=1 > wattsup1.data 2>&1
/opt/powertools/bin/wattsup1: no process found
./runenergynow_server2_fyp.sh: line 53: 59602 Killed                  $WATTSUP1 --interval=1 > wattsup1.data 2>&1
/opt/powertools/bin/wattsup1: no process found
./runenergynow_server2_fyp.sh: line 53: 59845 Killed                  $WATTSUP1 --interval=1 > wattsup1.data 2>&1
/opt/powertools/bin/wattsup1: no process found
./runenergynow_server2_fyp.sh: line 53: 60153 Killed                  $WATTSUP1 --interval=1 > wattsup1.data 2>&1
/opt/powertools/bin/wattsup1: no process found
./runenergynow_server2_fyp.sh: line 53: 60507 Killed                  $WATTSUP1 --interval=1 > wattsup1.data 2>&1
/opt/powertools/bin/wattsup1: no process found
./runenergynow_server2_fyp.sh: line 53: 60921 Killed                  $WATTSUP1 --interval=1 > wattsup1.data 2>&1
/opt/powertools/bin/wattsup1: no process found
./runenergynow_server2_fyp.sh: line 53: 61393 Killed                  $WATTSUP1 --interval=1 > wattsup1.data 2>&1
/opt/powertools/bin/wattsup1: no process found
./runenergynow_server2_fyp.sh: line 53: 61934 Killed                  $WATTSUP1 --interval=1 > wattsup1.data 2>&1
/opt/powertools/bin/wattsup1: no process found
./runenergynow_server2_fyp.sh: line 53: 62526 Killed                  $WATTSUP1 --interval=1 > wattsup1.data 2>&1
/opt/powertools/bin/wattsup1: no process found
./runenergynow_server2_fyp.sh: line 53: 63172 Killed                  $WATTSUP1 --interval=1 > wattsup1.data 2>&1
/opt/powertools/bin/wattsup1: no process found
./runenergynow_server2_fyp.sh: line 53: 63895 Killed                  $WATTSUP1 --interval=1 > wattsup1.data 2>&1
/opt/powertools/bin/wattsup1: no process found
./runenergynow_server2_fyp.sh: line 53: 64138 Killed                  $WATTSUP1 --interval=1 > wattsup1.data 2>&1
/opt/powertools/bin/wattsup1: no process found
./runenergynow_server2_fyp.sh: line 53: 64544 Killed                  $WATTSUP1 --interval=1 > wattsup1.data 2>&1
/opt/powertools/bin/wattsup1: no process found
./runenergynow_server2_fyp.sh: line 53: 65100 Killed                  $WATTSUP1 --interval=1 > wattsup1.data 2>&1
/opt/powertools/bin/wattsup1: no process found
./runenergynow_server2_fyp.sh: line 53: 65822 Killed                  $WATTSUP1 --interval=1 > wattsup1.data 2>&1
/opt/powertools/bin/wattsup1: no process found
./runenergynow_server2_fyp.sh: line 53: 66252 Killed                  $WATTSUP1 --interval=1 > wattsup1.data 2>&1
/opt/powertools/bin/wattsup1: no process found
./runenergynow_server2_fyp.sh: line 53: 66993 Killed                  $WATTSUP1 --interval=1 > wattsup1.data 2>&1
/opt/powertools/bin/wattsup1: no process found
./runenergynow_server2_fyp.sh: line 97: 67733 Killed                  $WATTSUP1 --interval=1 > wattsup1.data 2>&1
/opt/powertools/bin/wattsup1: no process found
./runenergynow_server2_fyp.sh: line 53: 67779 Killed                  $WATTSUP1 --interval=1 > wattsup1.data 2>&1
/opt/powertools/bin/wattsup1: no process found
./runenergynow_server2_fyp.sh: line 53: 67879 Killed                  $WATTSUP1 --interval=1 > wattsup1.data 2>&1
/opt/powertools/bin/wattsup1: no process found
./runenergynow_server2_fyp.sh: line 53: 67970 Killed                  $WATTSUP1 --interval=1 > wattsup1.data 2>&1
/opt/powertools/bin/wattsup1: no process found
./runenergynow_server2_fyp.sh: line 53: 68083 Killed                  $WATTSUP1 --interval=1 > wattsup1.data 2>&1
/opt/powertools/bin/wattsup1: no process found
./runenergynow_server2_fyp.sh: line 53: 68196 Killed                  $WATTSUP1 --interval=1 > wattsup1.data 2>&1
/opt/powertools/bin/wattsup1: no process found
./runenergynow_server2_fyp.sh: line 53: 68324 Killed                  $WATTSUP1 --interval=1 > wattsup1.data 2>&1
/opt/powertools/bin/wattsup1: no process found
./runenergynow_server2_fyp.sh: line 53: 68465 Killed                  $WATTSUP1 --interval=1 > wattsup1.data 2>&1
/opt/powertools/bin/wattsup1: no process found
./runenergynow_server2_fyp.sh: line 53: 68623 Killed                  $WATTSUP1 --interval=1 > wattsup1.data 2>&1
/opt/powertools/bin/wattsup1: no process found
./runenergynow_server2_fyp.sh: line 53: 68788 Killed                  $WATTSUP1 --interval=1 > wattsup1.data 2>&1
/opt/powertools/bin/wattsup1: no process found
./runenergynow_server2_fyp.sh: line 53: 68975 Killed                  $WATTSUP1 --interval=1 > wattsup1.data 2>&1
/opt/powertools/bin/wattsup1: no process found
./runenergynow_server2_fyp.sh: line 53: 69185 Killed                  $WATTSUP1 --interval=1 > wattsup1.data 2>&1
/opt/powertools/bin/wattsup1: no process found
./runenergynow_server2_fyp.sh: line 53: 69396 Killed                  $WATTSUP1 --interval=1 > wattsup1.data 2>&1
/opt/powertools/bin/wattsup1: no process found
./runenergynow_server2_fyp.sh: line 53: 69628 Killed                  $WATTSUP1 --interval=1 > wattsup1.data 2>&1
/opt/powertools/bin/wattsup1: no process found
./runenergynow_server2_fyp.sh: line 53: 69869 Killed                  $WATTSUP1 --interval=1 > wattsup1.data 2>&1
/opt/powertools/bin/wattsup1: no process found
./runenergynow_server2_fyp.sh: line 53: 70131 Killed                  $WATTSUP1 --interval=1 > wattsup1.data 2>&1
/opt/powertools/bin/wattsup1: no process found
./runenergynow_server2_fyp.sh: line 53: 70422 Killed                  $WATTSUP1 --interval=1 > wattsup1.data 2>&1
/opt/powertools/bin/wattsup1: no process found
./runenergynow_server2_fyp.sh: line 53: 70707 Killed                  $WATTSUP1 --interval=1 > wattsup1.data 2>&1
/opt/powertools/bin/wattsup1: no process found
./runenergynow_server2_fyp.sh: line 53: 71009 Killed                  $WATTSUP1 --interval=1 > wattsup1.data 2>&1
/opt/powertools/bin/wattsup1: no process found
./runenergynow_server2_fyp.sh: line 53: 71324 Killed                  $WATTSUP1 --interval=1 > wattsup1.data 2>&1
/opt/powertools/bin/wattsup1: no process found
./runenergynow_server2_fyp.sh: line 53: 71668 Killed                  $WATTSUP1 --interval=1 > wattsup1.data 2>&1
/opt/powertools/bin/wattsup1: no process found
./runenergynow_server2_fyp.sh: line 53: 72013 Killed                  $WATTSUP1 --interval=1 > wattsup1.data 2>&1
/opt/powertools/bin/wattsup1: no process found
./runenergynow_server2_fyp.sh: line 53: 72373 Killed                  $WATTSUP1 --interval=1 > wattsup1.data 2>&1
/opt/powertools/bin/wattsup1: no process found
./runenergynow_server2_fyp.sh: line 53: 72749 Killed                  $WATTSUP1 --interval=1 > wattsup1.data 2>&1
/opt/powertools/bin/wattsup1: no process found
./runenergynow_server2_fyp.sh: line 53: 73146 Killed                  $WATTSUP1 --interval=1 > wattsup1.data 2>&1
/opt/powertools/bin/wattsup1: no process found
./runenergynow_server2_fyp.sh: line 53: 73552 Killed                  $WATTSUP1 --interval=1 > wattsup1.data 2>&1
/opt/powertools/bin/wattsup1: no process found
./runenergynow_server2_fyp.sh: line 53: 73980 Killed                  $WATTSUP1 --interval=1 > wattsup1.data 2>&1
/opt/powertools/bin/wattsup1: no process found
./runenergynow_server2_fyp.sh: line 53: 74414 Killed                  $WATTSUP1 --interval=1 > wattsup1.data 2>&1
/opt/powertools/bin/wattsup1: no process found
./runenergynow_server2_fyp.sh: line 53: 74864 Killed                  $WATTSUP1 --interval=1 > wattsup1.data 2>&1
/opt/powertools/bin/wattsup1: no process found
./runenergynow_server2_fyp.sh: line 53: 75337 Killed                  $WATTSUP1 --interval=1 > wattsup1.data 2>&1
/opt/powertools/bin/wattsup1: no process found
./runenergynow_server2_fyp.sh: line 53: 75817 Killed                  $WATTSUP1 --interval=1 > wattsup1.data 2>&1
/opt/powertools/bin/wattsup1: no process found
./runenergynow_server2_fyp.sh: line 53: 76312 Killed                  $WATTSUP1 --interval=1 > wattsup1.data 2>&1
/opt/powertools/bin/wattsup1: no process found
./runenergynow_server2_fyp.sh: line 53: 76821 Killed                  $WATTSUP1 --interval=1 > wattsup1.data 2>&1
/opt/powertools/bin/wattsup1: no process found
./runenergynow_server2_fyp.sh: line 53: 77346 Killed                  $WATTSUP1 --interval=1 > wattsup1.data 2>&1
/opt/powertools/bin/wattsup1: no process found
./runenergynow_server2_fyp.sh: line 53: 77893 Killed                  $WATTSUP1 --interval=1 > wattsup1.data 2>&1
/opt/powertools/bin/wattsup1: no process found
./runenergynow_server2_fyp.sh: line 53: 78447 Killed                  $WATTSUP1 --interval=1 > wattsup1.data 2>&1
/opt/powertools/bin/wattsup1: no process found
./runenergynow_server2_fyp.sh: line 53: 79017 Killed                  $WATTSUP1 --interval=1 > wattsup1.data 2>&1
/opt/powertools/bin/wattsup1: no process found
./runenergynow_server2_fyp.sh: line 53: 79603 Killed                  $WATTSUP1 --interval=1 > wattsup1.data 2>&1
/opt/powertools/bin/wattsup1: no process found
./runenergynow_server2_fyp.sh: line 53: 80204 Killed                  $WATTSUP1 --interval=1 > wattsup1.data 2>&1
/opt/powertools/bin/wattsup1: no process found
./runenergynow_server2_fyp.sh: line 53: 80825 Killed                  $WATTSUP1 --interval=1 > wattsup1.data 2>&1
/opt/powertools/bin/wattsup1: no process found
./runenergynow_server2_fyp.sh: line 53: 81464 Killed                  $WATTSUP1 --interval=1 > wattsup1.data 2>&1
/opt/powertools/bin/wattsup1: no process found
./runenergynow_server2_fyp.sh: line 53: 82109 Killed                  $WATTSUP1 --interval=1 > wattsup1.data 2>&1
/opt/powertools/bin/wattsup1: no process found
./runenergynow_server2_fyp.sh: line 53: 82771 Killed                  $WATTSUP1 --interval=1 > wattsup1.data 2>&1
/opt/powertools/bin/wattsup1: no process found
./runenergynow_server2_fyp.sh: line 53: 83445 Killed                  $WATTSUP1 --interval=1 > wattsup1.data 2>&1
/opt/powertools/bin/wattsup1: no process found
./runenergynow_server2_fyp.sh: line 53: 84160 Killed                  $WATTSUP1 --interval=1 > wattsup1.data 2>&1
/opt/powertools/bin/wattsup1: no process found
./runenergynow_server2_fyp.sh: line 53: 84865 Killed                  $WATTSUP1 --interval=1 > wattsup1.data 2>&1
/opt/powertools/bin/wattsup1: no process found
./runenergynow_server2_fyp.sh: line 53: 84995 Killed                  $WATTSUP1 --interval=1 > wattsup1.data 2>&1
/opt/powertools/bin/wattsup1: no process found
./runenergynow_server2_fyp.sh: line 53: 85133 Killed                  $WATTSUP1 --interval=1 > wattsup1.data 2>&1
/opt/powertools/bin/wattsup1: no process found
./runenergynow_server2_fyp.sh: line 53: 85293 Killed                  $WATTSUP1 --interval=1 > wattsup1.data 2>&1
/opt/powertools/bin/wattsup1: no process found
./runenergynow_server2_fyp.sh: line 53: 85502 Killed                  $WATTSUP1 --interval=1 > wattsup1.data 2>&1
/opt/powertools/bin/wattsup1: no process found
./runenergynow_server2_fyp.sh: line 53: 85706 Killed                  $WATTSUP1 --interval=1 > wattsup1.data 2>&1
/opt/powertools/bin/wattsup1: no process found
./runenergynow_server2_fyp.sh: line 53: 85956 Killed                  $WATTSUP1 --interval=1 > wattsup1.data 2>&1
/opt/powertools/bin/wattsup1: no process found
./runenergynow_server2_fyp.sh: line 53: 86227 Killed                  $WATTSUP1 --interval=1 > wattsup1.data 2>&1
/opt/powertools/bin/wattsup1: no process found
./runenergynow_server2_fyp.sh: line 53: 86526 Killed                  $WATTSUP1 --interval=1 > wattsup1.data 2>&1
/opt/powertools/bin/wattsup1: no process found
./runenergynow_server2_fyp.sh: line 53: 86851 Killed                  $WATTSUP1 --interval=1 > wattsup1.data 2>&1
/opt/powertools/bin/wattsup1: no process found
./runenergynow_server2_fyp.sh: line 53: 87207 Killed                  $WATTSUP1 --interval=1 > wattsup1.data 2>&1
/opt/powertools/bin/wattsup1: no process found
./runenergynow_server2_fyp.sh: line 53: 87590 Killed                  $WATTSUP1 --interval=1 > wattsup1.data 2>&1
/opt/powertools/bin/wattsup1: no process found
./runenergynow_server2_fyp.sh: line 53: 88009 Killed                  $WATTSUP1 --interval=1 > wattsup1.data 2>&1
/opt/powertools/bin/wattsup1: no process found
./runenergynow_server2_fyp.sh: line 53: 88453 Killed                  $WATTSUP1 --interval=1 > wattsup1.data 2>&1
/opt/powertools/bin/wattsup1: no process found
./runenergynow_server2_fyp.sh: line 53: 88925 Killed                  $WATTSUP1 --interval=1 > wattsup1.data 2>&1
/opt/powertools/bin/wattsup1: no process found
./runenergynow_server2_fyp.sh: line 53: 89429 Killed                  $WATTSUP1 --interval=1 > wattsup1.data 2>&1
/opt/powertools/bin/wattsup1: no process found
./runenergynow_server2_fyp.sh: line 53: 89978 Killed                  $WATTSUP1 --interval=1 > wattsup1.data 2>&1
/opt/powertools/bin/wattsup1: no process found
./runenergynow_server2_fyp.sh: line 53: 90542 Killed                  $WATTSUP1 --interval=1 > wattsup1.data 2>&1
/opt/powertools/bin/wattsup1: no process found
./runenergynow_server2_fyp.sh: line 53: 91126 Killed                  $WATTSUP1 --interval=1 > wattsup1.data 2>&1
/opt/powertools/bin/wattsup1: no process found
./runenergynow_server2_fyp.sh: line 53: 91756 Killed                  $WATTSUP1 --interval=1 > wattsup1.data 2>&1
/opt/powertools/bin/wattsup1: no process found
./runenergynow_server2_fyp.sh: line 53: 92402 Killed                  $WATTSUP1 --interval=1 > wattsup1.data 2>&1
/opt/powertools/bin/wattsup1: no process found
./runenergynow_server2_fyp.sh: line 53: 93086 Killed                  $WATTSUP1 --interval=1 > wattsup1.data 2>&1
/opt/powertools/bin/wattsup1: no process found
./runenergynow_server2_fyp.sh: line 53: 93791 Killed                  $WATTSUP1 --interval=1 > wattsup1.data 2>&1
/opt/powertools/bin/wattsup1: no process found
./runenergynow_server2_fyp.sh: line 53: 94047 Killed                  $WATTSUP1 --interval=1 > wattsup1.data 2>&1
/opt/powertools/bin/wattsup1: no process found
./runenergynow_server2_fyp.sh: line 53: 94242 Killed                  $WATTSUP1 --interval=1 > wattsup1.data 2>&1
/opt/powertools/bin/wattsup1: no process found
./runenergynow_server2_fyp.sh: line 53: 94492 Killed                  $WATTSUP1 --interval=1 > wattsup1.data 2>&1
/opt/powertools/bin/wattsup1: no process found
./runenergynow_server2_fyp.sh: line 53: 94794 Killed                  $WATTSUP1 --interval=1 > wattsup1.data 2>&1
/opt/powertools/bin/wattsup1: no process found
./runenergynow_server2_fyp.sh: line 53: 95163 Killed                  $WATTSUP1 --interval=1 > wattsup1.data 2>&1
/opt/powertools/bin/wattsup1: no process found
./runenergynow_server2_fyp.sh: line 53: 95576 Killed                  $WATTSUP1 --interval=1 > wattsup1.data 2>&1
/opt/powertools/bin/wattsup1: no process found
./runenergynow_server2_fyp.sh: line 53: 96051 Killed                  $WATTSUP1 --interval=1 > wattsup1.data 2>&1
/opt/powertools/bin/wattsup1: no process found
./runenergynow_server2_fyp.sh: line 53: 96591 Killed                  $WATTSUP1 --interval=1 > wattsup1.data 2>&1
/opt/powertools/bin/wattsup1: no process found
./runenergynow_server2_fyp.sh: line 53: 97188 Killed                  $WATTSUP1 --interval=1 > wattsup1.data 2>&1
/opt/powertools/bin/wattsup1: no process found
./runenergynow_server2_fyp.sh: line 53: 97844 Killed                  $WATTSUP1 --interval=1 > wattsup1.data 2>&1
/opt/powertools/bin/wattsup1: no process found
./runenergynow_server2_fyp.sh: line 53: 98580 Killed                  $WATTSUP1 --interval=1 > wattsup1.data 2>&1
/opt/powertools/bin/wattsup1: no process found
./runenergynow_server2_fyp.sh: line 53: 98824 Killed                  $WATTSUP1 --interval=1 > wattsup1.data 2>&1
/opt/powertools/bin/wattsup1: no process found
./runenergynow_server2_fyp.sh: line 53: 99229 Killed                  $WATTSUP1 --interval=1 > wattsup1.data 2>&1
/opt/powertools/bin/wattsup1: no process found
./runenergynow_server2_fyp.sh: line 53: 99789 Killed                  $WATTSUP1 --interval=1 > wattsup1.data 2>&1
/opt/powertools/bin/wattsup1: no process found
./runenergynow_server2_fyp.sh: line 53: 100523 Killed                  $WATTSUP1 --interval=1 > wattsup1.data 2>&1
/opt/powertools/bin/wattsup1: no process found
./runenergynow_server2_fyp.sh: line 53: 100932 Killed                  $WATTSUP1 --interval=1 > wattsup1.data 2>&1
/opt/powertools/bin/wattsup1: no process found
./runenergynow_server2_fyp.sh: line 53: 101671 Killed                  $WATTSUP1 --interval=1 > wattsup1.data 2>&1
/opt/powertools/bin/wattsup1: no process found
./runenergynow_server2_fyp.sh: line 97: 102423 Killed                  $WATTSUP1 --interval=1 > wattsup1.data 2>&1
/opt/powertools/bin/wattsup1: no process found
./runenergynow_server2_fyp.sh: line 53: 102475 Killed                  $WATTSUP1 --interval=1 > wattsup1.data 2>&1
/opt/powertools/bin/wattsup1: no process found
./runenergynow_server2_fyp.sh: line 53: 102559 Killed                  $WATTSUP1 --interval=1 > wattsup1.data 2>&1
/opt/powertools/bin/wattsup1: no process found
./runenergynow_server2_fyp.sh: line 53: 102649 Killed                  $WATTSUP1 --interval=1 > wattsup1.data 2>&1
/opt/powertools/bin/wattsup1: no process found
./runenergynow_server2_fyp.sh: line 53: 102755 Killed                  $WATTSUP1 --interval=1 > wattsup1.data 2>&1
/opt/powertools/bin/wattsup1: no process found
./runenergynow_server2_fyp.sh: line 53: 102875 Killed                  $WATTSUP1 --interval=1 > wattsup1.data 2>&1
/opt/powertools/bin/wattsup1: no process found
./runenergynow_server2_fyp.sh: line 53: 102996 Killed                  $WATTSUP1 --interval=1 > wattsup1.data 2>&1
/opt/powertools/bin/wattsup1: no process found
./runenergynow_server2_fyp.sh: line 53: 103159 Killed                  $WATTSUP1 --interval=1 > wattsup1.data 2>&1
/opt/powertools/bin/wattsup1: no process found
./runenergynow_server2_fyp.sh: line 53: 103316 Killed                  $WATTSUP1 --interval=1 > wattsup1.data 2>&1
/opt/powertools/bin/wattsup1: no process found
./runenergynow_server2_fyp.sh: line 53: 103489 Killed                  $WATTSUP1 --interval=1 > wattsup1.data 2>&1
/opt/powertools/bin/wattsup1: no process found
./runenergynow_server2_fyp.sh: line 53: 103677 Killed                  $WATTSUP1 --interval=1 > wattsup1.data 2>&1
/opt/powertools/bin/wattsup1: no process found
./runenergynow_server2_fyp.sh: line 53: 103879 Killed                  $WATTSUP1 --interval=1 > wattsup1.data 2>&1
/opt/powertools/bin/wattsup1: no process found
./runenergynow_server2_fyp.sh: line 53: 104098 Killed                  $WATTSUP1 --interval=1 > wattsup1.data 2>&1
/opt/powertools/bin/wattsup1: no process found
./runenergynow_server2_fyp.sh: line 53: 104331 Killed                  $WATTSUP1 --interval=1 > wattsup1.data 2>&1
/opt/powertools/bin/wattsup1: no process found
./runenergynow_server2_fyp.sh: line 53: 104577 Killed                  $WATTSUP1 --interval=1 > wattsup1.data 2>&1
/opt/powertools/bin/wattsup1: no process found
./runenergynow_server2_fyp.sh: line 53: 104873 Killed                  $WATTSUP1 --interval=1 > wattsup1.data 2>&1
/opt/powertools/bin/wattsup1: no process found
./runenergynow_server2_fyp.sh: line 53: 105144 Killed                  $WATTSUP1 --interval=1 > wattsup1.data 2>&1
/opt/powertools/bin/wattsup1: no process found
./runenergynow_server2_fyp.sh: line 53: 105436 Killed                  $WATTSUP1 --interval=1 > wattsup1.data 2>&1
/opt/powertools/bin/wattsup1: no process found
./runenergynow_server2_fyp.sh: line 53: 105743 Killed                  $WATTSUP1 --interval=1 > wattsup1.data 2>&1
/opt/powertools/bin/wattsup1: no process found
./runenergynow_server2_fyp.sh: line 53: 106058 Killed                  $WATTSUP1 --interval=1 > wattsup1.data 2>&1
/opt/powertools/bin/wattsup1: no process found
./runenergynow_server2_fyp.sh: line 53: 106395 Killed                  $WATTSUP1 --interval=1 > wattsup1.data 2>&1
/opt/powertools/bin/wattsup1: no process found
./runenergynow_server2_fyp.sh: line 53: 106739 Killed                  $WATTSUP1 --interval=1 > wattsup1.data 2>&1
/opt/powertools/bin/wattsup1: no process found
./runenergynow_server2_fyp.sh: line 53: 107116 Killed                  $WATTSUP1 --interval=1 > wattsup1.data 2>&1
/opt/powertools/bin/wattsup1: no process found
./runenergynow_server2_fyp.sh: line 53: 107493 Killed                  $WATTSUP1 --interval=1 > wattsup1.data 2>&1
/opt/powertools/bin/wattsup1: no process found
./runenergynow_server2_fyp.sh: line 53: 107882 Killed                  $WATTSUP1 --interval=1 > wattsup1.data 2>&1
/opt/powertools/bin/wattsup1: no process found
./runenergynow_server2_fyp.sh: line 53: 108295 Killed                  $WATTSUP1 --interval=1 > wattsup1.data 2>&1
/opt/powertools/bin/wattsup1: no process found
./runenergynow_server2_fyp.sh: line 53: 108714 Killed                  $WATTSUP1 --interval=1 > wattsup1.data 2>&1
/opt/powertools/bin/wattsup1: no process found
./runenergynow_server2_fyp.sh: line 53: 109154 Killed                  $WATTSUP1 --interval=1 > wattsup1.data 2>&1
/opt/powertools/bin/wattsup1: no process found
./runenergynow_server2_fyp.sh: line 53: 109611 Killed                  $WATTSUP1 --interval=1 > wattsup1.data 2>&1
/opt/powertools/bin/wattsup1: no process found
./runenergynow_server2_fyp.sh: line 53: 110077 Killed                  $WATTSUP1 --interval=1 > wattsup1.data 2>&1
/opt/powertools/bin/wattsup1: no process found
./runenergynow_server2_fyp.sh: line 53: 110560 Killed                  $WATTSUP1 --interval=1 > wattsup1.data 2>&1
/opt/powertools/bin/wattsup1: no process found
./runenergynow_server2_fyp.sh: line 53: 111061 Killed                  $WATTSUP1 --interval=1 > wattsup1.data 2>&1
/opt/powertools/bin/wattsup1: no process found
./runenergynow_server2_fyp.sh: line 53: 111594 Killed                  $WATTSUP1 --interval=1 > wattsup1.data 2>&1
/opt/powertools/bin/wattsup1: no process found
./runenergynow_server2_fyp.sh: line 53: 112118 Killed                  $WATTSUP1 --interval=1 > wattsup1.data 2>&1
/opt/powertools/bin/wattsup1: no process found
./runenergynow_server2_fyp.sh: line 53: 112657 Killed                  $WATTSUP1 --interval=1 > wattsup1.data 2>&1
/opt/powertools/bin/wattsup1: no process found
./runenergynow_server2_fyp.sh: line 53: 113212 Killed                  $WATTSUP1 --interval=1 > wattsup1.data 2>&1
/opt/powertools/bin/wattsup1: no process found
./runenergynow_server2_fyp.sh: line 53: 113797 Killed                  $WATTSUP1 --interval=1 > wattsup1.data 2>&1
/opt/powertools/bin/wattsup1: no process found
./runenergynow_server2_fyp.sh: line 53: 114384 Killed                  $WATTSUP1 --interval=1 > wattsup1.data 2>&1
/opt/powertools/bin/wattsup1: no process found
./runenergynow_server2_fyp.sh: line 53: 114983 Killed                  $WATTSUP1 --interval=1 > wattsup1.data 2>&1
/opt/powertools/bin/wattsup1: no process found
./runenergynow_server2_fyp.sh: line 53: 115599 Killed                  $WATTSUP1 --interval=1 > wattsup1.data 2>&1
/opt/powertools/bin/wattsup1: no process found
./runenergynow_server2_fyp.sh: line 53: 116234 Killed                  $WATTSUP1 --interval=1 > wattsup1.data 2>&1
/opt/powertools/bin/wattsup1: no process found
./runenergynow_server2_fyp.sh: line 53: 116886 Killed                  $WATTSUP1 --interval=1 > wattsup1.data 2>&1
/opt/powertools/bin/wattsup1: no process found
./runenergynow_server2_fyp.sh: line 53: 117545 Killed                  $WATTSUP1 --interval=1 > wattsup1.data 2>&1
/opt/powertools/bin/wattsup1: no process found
./runenergynow_server2_fyp.sh: line 53: 118219 Killed                  $WATTSUP1 --interval=1 > wattsup1.data 2>&1
/opt/powertools/bin/wattsup1: no process found
./runenergynow_server2_fyp.sh: line 53: 118911 Killed                  $WATTSUP1 --interval=1 > wattsup1.data 2>&1
/opt/powertools/bin/wattsup1: no process found
./runenergynow_server2_fyp.sh: line 53: 119632 Killed                  $WATTSUP1 --interval=1 > wattsup1.data 2>&1
/opt/powertools/bin/wattsup1: no process found
./runenergynow_server2_fyp.sh: line 53: 119762 Killed                  $WATTSUP1 --interval=1 > wattsup1.data 2>&1
/opt/powertools/bin/wattsup1: no process found
./runenergynow_server2_fyp.sh: line 53: 119893 Killed                  $WATTSUP1 --interval=1 > wattsup1.data 2>&1
/opt/powertools/bin/wattsup1: no process found
./runenergynow_server2_fyp.sh: line 53: 120058 Killed                  $WATTSUP1 --interval=1 > wattsup1.data 2>&1
/opt/powertools/bin/wattsup1: no process found
./runenergynow_server2_fyp.sh: line 53: 120239 Killed                  $WATTSUP1 --interval=1 > wattsup1.data 2>&1
/opt/powertools/bin/wattsup1: no process found
./runenergynow_server2_fyp.sh: line 53: 120457 Killed                  $WATTSUP1 --interval=1 > wattsup1.data 2>&1
/opt/powertools/bin/wattsup1: no process found
./runenergynow_server2_fyp.sh: line 53: 120713 Killed                  $WATTSUP1 --interval=1 > wattsup1.data 2>&1
/opt/powertools/bin/wattsup1: no process found
./runenergynow_server2_fyp.sh: line 53: 120984 Killed                  $WATTSUP1 --interval=1 > wattsup1.data 2>&1
/opt/powertools/bin/wattsup1: no process found
./runenergynow_server2_fyp.sh: line 53: 121291 Killed                  $WATTSUP1 --interval=1 > wattsup1.data 2>&1
/opt/powertools/bin/wattsup1: no process found
./runenergynow_server2_fyp.sh: line 53: 121615 Killed                  $WATTSUP1 --interval=1 > wattsup1.data 2>&1
/opt/powertools/bin/wattsup1: no process found
./runenergynow_server2_fyp.sh: line 53: 121968 Killed                  $WATTSUP1 --interval=1 > wattsup1.data 2>&1
/opt/powertools/bin/wattsup1: no process found
./runenergynow_server2_fyp.sh: line 53: 122366 Killed                  $WATTSUP1 --interval=1 > wattsup1.data 2>&1
/opt/powertools/bin/wattsup1: no process found
./runenergynow_server2_fyp.sh: line 53: 122783 Killed                  $WATTSUP1 --interval=1 > wattsup1.data 2>&1
/opt/powertools/bin/wattsup1: no process found
./runenergynow_server2_fyp.sh: line 53: 123226 Killed                  $WATTSUP1 --interval=1 > wattsup1.data 2>&1
/opt/powertools/bin/wattsup1: no process found
./runenergynow_server2_fyp.sh: line 53: 123699 Killed                  $WATTSUP1 --interval=1 > wattsup1.data 2>&1
/opt/powertools/bin/wattsup1: no process found
./runenergynow_server2_fyp.sh: line 53: 124209 Killed                  $WATTSUP1 --interval=1 > wattsup1.data 2>&1
/opt/powertools/bin/wattsup1: no process found
./runenergynow_server2_fyp.sh: line 53: 124746 Killed                  $WATTSUP1 --interval=1 > wattsup1.data 2>&1
/opt/powertools/bin/wattsup1: no process found
./runenergynow_server2_fyp.sh: line 53: 125314 Killed                  $WATTSUP1 --interval=1 > wattsup1.data 2>&1
/opt/powertools/bin/wattsup1: no process found
./runenergynow_server2_fyp.sh: line 53: 125908 Killed                  $WATTSUP1 --interval=1 > wattsup1.data 2>&1
/opt/powertools/bin/wattsup1: no process found
./runenergynow_server2_fyp.sh: line 53: 126530 Killed                  $WATTSUP1 --interval=1 > wattsup1.data 2>&1
/opt/powertools/bin/wattsup1: no process found
./runenergynow_server2_fyp.sh: line 53: 127204 Killed                  $WATTSUP1 --interval=1 > wattsup1.data 2>&1
/opt/powertools/bin/wattsup1: no process found
./runenergynow_server2_fyp.sh: line 53: 127892 Killed                  $WATTSUP1 --interval=1 > wattsup1.data 2>&1
/opt/powertools/bin/wattsup1: no process found
./runenergynow_server2_fyp.sh: line 53: 128612 Killed                  $WATTSUP1 --interval=1 > wattsup1.data 2>&1
/opt/powertools/bin/wattsup1: no process found
./runenergynow_server2_fyp.sh: line 53: 128759 Killed                  $WATTSUP1 --interval=1 > wattsup1.data 2>&1
/opt/powertools/bin/wattsup1: no process found
./runenergynow_server2_fyp.sh: line 53: 128975 Killed                  $WATTSUP1 --interval=1 > wattsup1.data 2>&1
/opt/powertools/bin/wattsup1: no process found
./runenergynow_server2_fyp.sh: line 53: 129232 Killed                  $WATTSUP1 --interval=1 > wattsup1.data 2>&1
/opt/powertools/bin/wattsup1: no process found
./runenergynow_server2_fyp.sh: line 53: 129533 Killed                  $WATTSUP1 --interval=1 > wattsup1.data 2>&1
/opt/powertools/bin/wattsup1: no process found
./runenergynow_server2_fyp.sh: line 53: 129894 Killed                  $WATTSUP1 --interval=1 > wattsup1.data 2>&1
/opt/powertools/bin/wattsup1: no process found
./runenergynow_server2_fyp.sh: line 53: 130322 Killed                  $WATTSUP1 --interval=1 > wattsup1.data 2>&1
/opt/powertools/bin/wattsup1: no process found
./runenergynow_server2_fyp.sh: line 53: 130807 Killed                  $WATTSUP1 --interval=1 > wattsup1.data 2>&1
/opt/powertools/bin/wattsup1: no process found
./runenergynow_server2_fyp.sh: line 53: 131341 Killed                  $WATTSUP1 --interval=1 > wattsup1.data 2>&1
/opt/powertools/bin/wattsup1: no process found
./runenergynow_server2_fyp.sh: line 53: 131941 Killed                  $WATTSUP1 --interval=1 > wattsup1.data 2>&1
/opt/powertools/bin/wattsup1: no process found
./runenergynow_server2_fyp.sh: line 53: 132593 Killed                  $WATTSUP1 --interval=1 > wattsup1.data 2>&1
/opt/powertools/bin/wattsup1: no process found
./runenergynow_server2_fyp.sh: line 53: 133316 Killed                  $WATTSUP1 --interval=1 > wattsup1.data 2>&1
/opt/powertools/bin/wattsup1: no process found
./runenergynow_server2_fyp.sh: line 53: 133574 Killed                  $WATTSUP1 --interval=1 > wattsup1.data 2>&1
/opt/powertools/bin/wattsup1: no process found
./runenergynow_server2_fyp.sh: line 53: 133989 Killed                  $WATTSUP1 --interval=1 > wattsup1.data 2>&1
/opt/powertools/bin/wattsup1: no process found
./runenergynow_server2_fyp.sh: line 53: 134554 Killed                  $WATTSUP1 --interval=1 > wattsup1.data 2>&1
/opt/powertools/bin/wattsup1: no process found
./runenergynow_server2_fyp.sh: line 53: 135299 Killed                  $WATTSUP1 --interval=1 > wattsup1.data 2>&1
/opt/powertools/bin/wattsup1: no process found
./runenergynow_server2_fyp.sh: line 53: 135724 Killed                  $WATTSUP1 --interval=1 > wattsup1.data 2>&1
/opt/powertools/bin/wattsup1: no process found
./runenergynow_server2_fyp.sh: line 53: 136472 Killed                  $WATTSUP1 --interval=1 > wattsup1.data 2>&1
/opt/powertools/bin/wattsup1: no process found
./runenergynow_server2_fyp.sh: line 97: 137228 Killed                  $WATTSUP1 --interval=1 > wattsup1.data 2>&1
/opt/powertools/bin/wattsup1: no process found
./runenergynow_server2_fyp.sh: line 53: 137274 Killed                  $WATTSUP1 --interval=1 > wattsup1.data 2>&1
/opt/powertools/bin/wattsup1: no process found
./runenergynow_server2_fyp.sh: line 53: 137390 Killed                  $WATTSUP1 --interval=1 > wattsup1.data 2>&1
/opt/powertools/bin/wattsup1: no process found
./runenergynow_server2_fyp.sh: line 53: 137488 Killed                  $WATTSUP1 --interval=1 > wattsup1.data 2>&1
/opt/powertools/bin/wattsup1: no process found
./runenergynow_server2_fyp.sh: line 53: 137610 Killed                  $WATTSUP1 --interval=1 > wattsup1.data 2>&1
/opt/powertools/bin/wattsup1: no process found
./runenergynow_server2_fyp.sh: line 53: 137731 Killed                  $WATTSUP1 --interval=1 > wattsup1.data 2>&1
/opt/powertools/bin/wattsup1: no process found
./runenergynow_server2_fyp.sh: line 53: 137861 Killed                  $WATTSUP1 --interval=1 > wattsup1.data 2>&1
/opt/powertools/bin/wattsup1: no process found
./runenergynow_server2_fyp.sh: line 53: 138017 Killed                  $WATTSUP1 --interval=1 > wattsup1.data 2>&1
/opt/powertools/bin/wattsup1: no process found
./runenergynow_server2_fyp.sh: line 53: 138174 Killed                  $WATTSUP1 --interval=1 > wattsup1.data 2>&1
